00:00:56.3776472 [Info] C is in control.
00:05:02.4907287 [Info] User 1 sets frequency to 0.2.
00:05:02.4936622 [Info] User 1 sets frequency to 0.3.
00:05:02.5394139 [Info] User 1 sets frequency to 0.4.
00:05:02.7821322 [Info] User 1 sets frequency to 0.
00:05:02.8477101 [Info] User 1 sets frequency to 0.1.
00:05:02.8787951 [Info] User 1 sets frequency to 0.2.
00:05:02.9237316 [Info] User 1 sets frequency to 0.3.
00:05:03.4248245 [Info] User 1 sets frequency to 0.2.
00:05:03.5624837 [Info] User 1 sets frequency to 0.3.
00:05:03.6388449 [Info] User 1 sets frequency to 0.4.
00:05:04.1398074 [Info] User 2 sets frequency to 1.
00:05:16.8432752 [Info] User sets offset to 93.
00:05:16.9537235 [Info] User sets offset to 87.
00:05:16.9668288 [Info] User sets offset to 86.
00:05:16.9673618 [Info] User sets offset to 83.
00:05:16.9676794 [Info] User sets offset to 82.
00:05:16.9680614 [Info] User sets offset to 80.
00:05:17.0170537 [Info] User sets offset to 78.
00:05:17.0177958 [Info] User sets offset to 76.
00:05:17.0181692 [Info] User sets offset to 74.
00:05:17.0664587 [Info] User sets offset to 72.
00:05:17.0760844 [Info] User sets offset to 70.
00:05:17.0765579 [Info] User sets offset to 68.
00:05:17.0956753 [Info] User sets offset to 67.
00:05:17.2276177 [Info] User sets offset to 66.
00:05:17.2279764 [Info] User sets offset to 65.
00:05:17.2282036 [Info] User sets offset to 64.
00:05:17.2286293 [Info] User sets offset to 63.
00:05:17.3082364 [Info] User sets offset to 62.
00:05:17.4007467 [Info] User sets offset to 61.
00:05:17.4406092 [Info] User sets offset to 60.
00:05:17.4930030 [Info] User sets offset to 59.
00:05:17.5421054 [Info] User sets offset to 58.
00:05:17.5791523 [Info] User sets offset to 57.
00:05:18.3175915 [Info] User sets amplitude to 0.2.
00:05:18.4755225 [Info] User sets amplitude to 3.3.
00:05:18.4854007 [Info] User sets amplitude to 3.9.
00:05:18.4953194 [Info] User sets amplitude to 4.2.
00:05:18.5144623 [Info] User sets amplitude to 6.1.
00:05:18.5291746 [Info] User sets amplitude to 7.4.
00:05:18.5466211 [Info] User sets amplitude to 8.7.
00:05:18.5629984 [Info] User sets amplitude to 10.2.
00:05:18.5790499 [Info] User sets amplitude to 11.8.
00:05:18.5945414 [Info] User sets amplitude to 12.5.
00:05:18.6142530 [Info] User sets amplitude to 14.5.
00:05:18.6267633 [Info] User sets amplitude to 15.8.
00:05:18.6433852 [Info] User sets amplitude to 17.
00:05:18.6595660 [Info] User sets amplitude to 18.
00:05:18.6757184 [Info] User sets amplitude to 19.1.
00:05:18.6921347 [Info] User sets amplitude to 19.9.
00:05:18.7091679 [Info] User sets amplitude to 20.9.
00:05:18.7269600 [Info] User sets amplitude to 21.7.
00:05:18.7438410 [Info] User sets amplitude to 22.5.
00:05:18.7601300 [Info] User sets amplitude to 23.3.
00:05:18.7768434 [Info] User sets amplitude to 24.2.
00:05:18.7910842 [Info] User sets amplitude to 24.8.
00:05:18.8142079 [Info] User sets amplitude to 25.5.
00:05:18.8270388 [Info] User sets amplitude to 26.
00:05:18.8449320 [Info] User sets amplitude to 26.4.
00:05:18.8636943 [Info] User sets amplitude to 26.9.
00:05:18.8791294 [Info] User sets amplitude to 27.1.
00:05:18.8966054 [Info] User sets amplitude to 27.3.
00:05:18.9107236 [Info] User sets amplitude to 27.5.
00:05:18.9276456 [Info] User sets amplitude to 27.7.
00:05:18.9461117 [Info] User sets amplitude to 27.8.
00:05:18.9594656 [Info] User sets amplitude to 27.9.
00:05:18.9767426 [Info] User sets amplitude to 28.2.
00:05:18.9924073 [Info] User sets amplitude to 28.4.
00:05:19.0132762 [Info] User sets amplitude to 28.8.
00:05:19.0281837 [Info] User sets amplitude to 29.
00:05:19.0422651 [Info] User sets amplitude to 29.3.
00:05:19.0597486 [Info] User sets amplitude to 29.4.
00:05:19.0771843 [Info] User sets amplitude to 29.5.
00:05:24.5213073 [Info] User 3 sets frequency to 0.9.
00:05:24.6075227 [Info] User 3 sets frequency to 0.8.
00:05:24.7591501 [Info] User 3 sets frequency to 0.7.
00:05:25.4081897 [Info] User 1 sets frequency to 0.
00:05:27.1387176 [Info] User 1 sets frequency to 0.1.
00:05:27.1727098 [Info] User 1 sets frequency to 0.2.
00:05:27.1802366 [Info] User 1 sets frequency to 0.3.
00:05:27.2085196 [Info] User 1 sets frequency to 0.4.
00:05:27.2580658 [Info] User 1 sets frequency to 0.5.
00:05:27.2744419 [Info] User 1 sets frequency to 0.6.
00:05:27.3560880 [Info] User 1 sets frequency to 0.7.
00:05:30.1919046 [Info] User 1 sets frequency to 0.8.
00:05:30.2403161 [Info] User 1 sets frequency to 0.9.
00:05:31.0947683 [Info] User 1 sets frequency to 1.
00:05:31.2567778 [Info] User 1 sets frequency to 1.1.
00:05:31.9549613 [Info] User 1 sets frequency to 1.
00:05:58.7116169 [Info] User 0 sets frequency to 0.9.
00:05:58.7616267 [Info] User 0 sets frequency to 0.8.
00:05:58.7960178 [Info] User 0 sets frequency to 0.7.
00:05:58.8153626 [Info] User 0 sets frequency to 0.6.
00:05:58.8620076 [Info] User 0 sets frequency to 0.5.
00:05:58.8984626 [Info] User 0 sets frequency to 0.4.
00:06:01.6318986 [Info] User 2 sets frequency to 1.3.
00:06:13.2681146 [Info] User sets amplitude to 29.3.
00:06:13.2948466 [Info] User sets amplitude to 32.3.
00:06:13.3017680 [Info] User sets amplitude to 33.
00:06:13.3135316 [Info] User sets amplitude to 33.5.
00:06:13.3300171 [Info] User sets amplitude to 34.6.
00:06:13.3460049 [Info] User sets amplitude to 35.7.
00:06:13.3637695 [Info] User sets amplitude to 36.8.
00:06:13.3825314 [Info] User sets amplitude to 37.8.
00:06:13.3940779 [Info] User sets amplitude to 38.8.
00:06:13.4154781 [Info] User sets amplitude to 40.2.
00:06:13.4318341 [Info] User sets amplitude to 41.
00:06:13.4461309 [Info] User sets amplitude to 41.9.
00:06:13.4647693 [Info] User sets amplitude to 43.
00:06:13.4802581 [Info] User sets amplitude to 44.4.
00:06:13.4959394 [Info] User sets amplitude to 45.4.
00:06:13.5134395 [Info] User sets amplitude to 46.8.
00:06:13.5312329 [Info] User sets amplitude to 47.6.
00:06:13.5470663 [Info] User sets amplitude to 48.6.
00:06:13.5634449 [Info] User sets amplitude to 49.2.
00:06:13.5800015 [Info] User sets amplitude to 49.9.
00:06:13.5956494 [Info] User sets amplitude to 50.6.
00:06:13.6134562 [Info] User sets amplitude to 51.4.
00:06:13.6313052 [Info] User sets amplitude to 52.1.
00:06:13.6434743 [Info] User sets amplitude to 52.7.
00:06:13.6616278 [Info] User sets amplitude to 53.3.
00:06:13.6802668 [Info] User sets amplitude to 54.
00:06:13.6955638 [Info] User sets amplitude to 54.4.
00:06:13.7116783 [Info] User sets amplitude to 55.2.
00:06:13.7296045 [Info] User sets amplitude to 55.8.
00:06:13.7466523 [Info] User sets amplitude to 56.5.
00:06:13.7631150 [Info] User sets amplitude to 57.2.
00:06:13.7801643 [Info] User sets amplitude to 57.8.
00:06:13.7983493 [Info] User sets amplitude to 58.8.
00:06:13.8130953 [Info] User sets amplitude to 59.2.
00:06:13.8309522 [Info] User sets amplitude to 60.2.
00:06:13.8465080 [Info] User sets amplitude to 60.8.
00:06:13.8659466 [Info] User sets amplitude to 61.2.
00:06:13.8810699 [Info] User sets amplitude to 61.6.
00:06:13.8980973 [Info] User sets amplitude to 61.9.
00:06:13.9127597 [Info] User sets amplitude to 62.3.
00:06:13.9287734 [Info] User sets amplitude to 62.7.
00:06:13.9443317 [Info] User sets amplitude to 63.
00:06:13.9619340 [Info] User sets amplitude to 63.3.
00:06:13.9784280 [Info] User sets amplitude to 63.7.
00:06:13.9938085 [Info] User sets amplitude to 64.
00:06:14.0165017 [Info] User sets amplitude to 64.3.
00:06:14.0267634 [Info] User sets amplitude to 64.7.
00:06:14.0464260 [Info] User sets amplitude to 65.
00:06:14.0647334 [Info] User sets amplitude to 65.3.
00:06:14.0800691 [Info] User sets amplitude to 65.5.
00:06:14.0965185 [Info] User sets amplitude to 65.7.
00:06:14.1170777 [Info] User sets amplitude to 66.1.
00:06:14.1299787 [Info] User sets amplitude to 66.2.
00:06:14.1472030 [Info] User sets amplitude to 66.7.
00:06:14.1636592 [Info] User sets amplitude to 67.1.
00:06:14.1819196 [Info] User sets amplitude to 67.6.
00:06:14.1937495 [Info] User sets amplitude to 67.7.
00:06:14.2099305 [Info] User sets amplitude to 68.4.
00:06:14.2317778 [Info] User sets amplitude to 68.8.
00:06:14.2448975 [Info] User sets amplitude to 69.1.
00:06:14.2619633 [Info] User sets amplitude to 69.4.
00:06:14.2777281 [Info] User sets amplitude to 69.8.
00:06:14.2959727 [Info] User sets amplitude to 70.1.
00:06:14.3110554 [Info] User sets amplitude to 70.5.
00:06:14.3411410 [Info] User sets amplitude to 71.
00:06:14.3463480 [Info] User sets amplitude to 71.3.
00:06:14.3603014 [Info] User sets amplitude to 71.8.
00:06:14.3818624 [Info] User sets amplitude to 72.4.
00:06:14.3966956 [Info] User sets amplitude to 72.6.
00:06:14.4221583 [Info] User sets amplitude to 73.
00:06:14.4282512 [Info] User sets amplitude to 73.3.
00:06:14.4566107 [Info] User sets amplitude to 73.8.
00:06:14.4616964 [Info] User sets amplitude to 73.9.
00:06:14.4801034 [Info] User sets amplitude to 74.1.
00:06:14.4961082 [Info] User sets amplitude to 74.5.
00:06:14.5115161 [Info] User sets amplitude to 74.6.
00:06:14.5621808 [Info] User sets amplitude to 74.9.
00:06:14.5626435 [Info] User sets amplitude to 75.1.
00:06:14.5629771 [Info] User sets amplitude to 75.3.
00:06:14.5828265 [Info] User sets amplitude to 75.5.
00:06:14.5969288 [Info] User sets amplitude to 75.7.
00:06:14.6114068 [Info] User sets amplitude to 76.
00:06:14.6271920 [Info] User sets amplitude to 76.1.
00:06:14.6463393 [Info] User sets amplitude to 76.3.
00:06:14.6632685 [Info] User sets amplitude to 76.4.
00:06:14.6879636 [Info] User sets amplitude to 76.8.
00:06:14.6946433 [Info] User sets amplitude to 76.9.
00:06:14.7144929 [Info] User sets amplitude to 77.2.
00:06:14.7299039 [Info] User sets amplitude to 77.3.
00:06:14.7472408 [Info] User sets amplitude to 77.5.
00:06:14.7754938 [Info] User sets amplitude to 77.7.
00:06:14.7776776 [Info] User sets amplitude to 77.8.
00:06:14.7971511 [Info] User sets amplitude to 78.
00:06:14.8173053 [Info] User sets amplitude to 78.1.
00:06:14.8279500 [Info] User sets amplitude to 78.4.
00:06:14.8602890 [Info] User sets amplitude to 78.6.
00:06:14.8776289 [Info] User sets amplitude to 78.8.
00:06:14.8979808 [Info] User sets amplitude to 78.9.
00:06:14.9120982 [Info] User sets amplitude to 79.1.
00:06:14.9287128 [Info] User sets amplitude to 79.2.
00:06:14.9474945 [Info] User sets amplitude to 79.5.
00:06:14.9613280 [Info] User sets amplitude to 79.6.
00:06:14.9816697 [Info] User sets amplitude to 79.7.
00:06:14.9974867 [Info] User sets amplitude to 80.
00:06:15.0140543 [Info] User sets amplitude to 80.2.
00:06:15.0307497 [Info] User sets amplitude to 80.3.
00:06:15.0467046 [Info] User sets amplitude to 80.6.
00:06:15.0636924 [Info] User sets amplitude to 80.8.
00:06:15.0954839 [Info] User sets amplitude to 81.1.
00:06:15.1112822 [Info] User sets amplitude to 81.3.
00:06:15.1282504 [Info] User sets amplitude to 81.4.
00:06:15.1455504 [Info] User sets amplitude to 81.5.
00:06:15.1635786 [Info] User sets amplitude to 81.7.
00:06:15.1778914 [Info] User sets amplitude to 81.9.
00:06:15.1952549 [Info] User sets amplitude to 82.
00:06:15.2104478 [Info] User sets amplitude to 82.2.
00:06:15.2307183 [Info] User sets amplitude to 82.4.
00:06:15.2438957 [Info] User sets amplitude to 82.5.
00:06:15.2637507 [Info] User sets amplitude to 82.6.
00:06:15.2972218 [Info] User sets amplitude to 82.9.
00:06:15.3132703 [Info] User sets amplitude to 83.
00:06:15.3301623 [Info] User sets amplitude to 83.1.
00:06:15.3467121 [Info] User sets amplitude to 83.2.
00:06:15.3809183 [Info] User sets amplitude to 83.4.
00:06:15.3981744 [Info] User sets amplitude to 83.5.
00:06:15.4285163 [Info] User sets amplitude to 83.7.
00:06:15.4614201 [Info] User sets amplitude to 83.9.
00:06:15.4794403 [Info] User sets amplitude to 84.
00:06:15.4955283 [Info] User sets amplitude to 84.1.
00:06:15.5284634 [Info] User sets amplitude to 84.2.
00:06:15.5464091 [Info] User sets amplitude to 84.3.
00:06:15.5641647 [Info] User sets amplitude to 84.5.
00:06:15.5796132 [Info] User sets amplitude to 84.6.
00:06:15.5967370 [Info] User sets amplitude to 84.7.
00:06:15.6136921 [Info] User sets amplitude to 84.8.
00:06:15.6289977 [Info] User sets amplitude to 85.
00:06:15.6451013 [Info] User sets amplitude to 85.1.
00:06:15.6799445 [Info] User sets amplitude to 85.3.
00:06:15.6943831 [Info] User sets amplitude to 85.4.
00:06:15.7132200 [Info] User sets amplitude to 85.6.
00:06:15.7295570 [Info] User sets amplitude to 85.7.
00:06:15.7456948 [Info] User sets amplitude to 85.9.
00:06:15.7609788 [Info] User sets amplitude to 86.
00:06:15.7811716 [Info] User sets amplitude to 86.2.
00:06:15.7950376 [Info] User sets amplitude to 86.4.
00:06:15.8118365 [Info] User sets amplitude to 86.5.
00:06:15.8310028 [Info] User sets amplitude to 86.7.
00:06:15.8482945 [Info] User sets amplitude to 86.9.
00:06:15.8639763 [Info] User sets amplitude to 87.
00:06:15.9214339 [Info] User sets amplitude to 87.3.
00:06:15.9217375 [Info] User sets amplitude to 87.5.
00:06:15.9280159 [Info] User sets amplitude to 87.6.
00:06:15.9464883 [Info] User sets amplitude to 87.9.
00:06:15.9634289 [Info] User sets amplitude to 88.1.
00:06:15.9869522 [Info] User sets amplitude to 88.4.
00:06:16.0361862 [Info] User sets amplitude to 88.5.
00:06:16.0367746 [Info] User sets amplitude to 88.7.
00:06:16.0370490 [Info] User sets amplitude to 88.8.
00:06:16.0462522 [Info] User sets amplitude to 89.1.
00:06:16.0773630 [Info] User sets amplitude to 89.2.
00:06:16.6090414 [Info] User sets amplitude to 89.1.
00:06:16.6281868 [Info] User sets amplitude to 88.8.
00:06:16.6514866 [Info] User sets amplitude to 88.6.
00:06:16.6611518 [Info] User sets amplitude to 87.9.
00:06:16.6799014 [Info] User sets amplitude to 87.
00:06:16.6973724 [Info] User sets amplitude to 86.2.
00:06:16.7207494 [Info] User sets amplitude to 85.2.
00:06:16.7309680 [Info] User sets amplitude to 84.3.
00:06:16.7465878 [Info] User sets amplitude to 83.4.
00:06:16.7630279 [Info] User sets amplitude to 82.
00:06:16.7806106 [Info] User sets amplitude to 81.5.
00:06:16.7960939 [Info] User sets amplitude to 80.2.
00:06:16.8131199 [Info] User sets amplitude to 79.7.
00:06:16.8287327 [Info] User sets amplitude to 78.6.
00:06:16.8463128 [Info] User sets amplitude to 77.9.
00:06:16.8605747 [Info] User sets amplitude to 77.3.
00:06:16.8796979 [Info] User sets amplitude to 76.6.
00:06:16.8955220 [Info] User sets amplitude to 76.
00:06:16.9110787 [Info] User sets amplitude to 75.3.
00:06:16.9316674 [Info] User sets amplitude to 75.
00:06:16.9548111 [Info] User sets amplitude to 74.4.
00:06:16.9599331 [Info] User sets amplitude to 73.8.
00:06:16.9774363 [Info] User sets amplitude to 73.2.
00:06:16.9976196 [Info] User sets amplitude to 72.7.
00:06:17.0143887 [Info] User sets amplitude to 72.2.
00:06:17.0307586 [Info] User sets amplitude to 71.6.
00:06:17.0476299 [Info] User sets amplitude to 71.1.
00:06:17.0637380 [Info] User sets amplitude to 70.1.
00:06:17.0800837 [Info] User sets amplitude to 69.4.
00:06:17.0959440 [Info] User sets amplitude to 69.1.
00:06:17.1143696 [Info] User sets amplitude to 68.2.
00:06:17.1304136 [Info] User sets amplitude to 67.3.
00:06:17.1467169 [Info] User sets amplitude to 66.7.
00:06:17.1606828 [Info] User sets amplitude to 66.
00:06:17.1791933 [Info] User sets amplitude to 65.3.
00:06:17.2001281 [Info] User sets amplitude to 64.7.
00:06:17.2114340 [Info] User sets amplitude to 63.8.
00:06:17.2295553 [Info] User sets amplitude to 63.2.
00:06:17.2467182 [Info] User sets amplitude to 62.7.
00:06:17.2619629 [Info] User sets amplitude to 61.7.
00:06:17.2785324 [Info] User sets amplitude to 60.9.
00:06:17.2974011 [Info] User sets amplitude to 60.2.
00:06:17.3138875 [Info] User sets amplitude to 59.4.
00:06:17.3301510 [Info] User sets amplitude to 58.6.
00:06:17.3471705 [Info] User sets amplitude to 57.4.
00:06:17.3633694 [Info] User sets amplitude to 56.9.
00:06:17.3788470 [Info] User sets amplitude to 55.7.
00:06:17.3974101 [Info] User sets amplitude to 55.
00:06:17.4137536 [Info] User sets amplitude to 54.7.
00:06:17.4297507 [Info] User sets amplitude to 53.8.
00:06:17.4448927 [Info] User sets amplitude to 52.6.
00:06:17.4618024 [Info] User sets amplitude to 52.1.
00:06:17.4779626 [Info] User sets amplitude to 51.2.
00:06:17.4966585 [Info] User sets amplitude to 50.4.
00:06:17.5120093 [Info] User sets amplitude to 49.7.
00:06:17.5279502 [Info] User sets amplitude to 48.9.
00:06:17.5475440 [Info] User sets amplitude to 48.1.
00:06:17.5618529 [Info] User sets amplitude to 47.4.
00:06:17.5788529 [Info] User sets amplitude to 46.5.
00:06:17.5965941 [Info] User sets amplitude to 45.7.
00:06:17.6132652 [Info] User sets amplitude to 44.8.
00:06:17.6304988 [Info] User sets amplitude to 43.5.
00:06:17.6471939 [Info] User sets amplitude to 42.8.
00:06:17.6635160 [Info] User sets amplitude to 41.7.
00:06:17.6799064 [Info] User sets amplitude to 40.6.
00:06:17.6970027 [Info] User sets amplitude to 39.2.
00:06:17.7156343 [Info] User sets amplitude to 37.9.
00:06:17.7289312 [Info] User sets amplitude to 36.7.
00:06:17.7450860 [Info] User sets amplitude to 35.5.
00:06:17.7618300 [Info] User sets amplitude to 34.1.
00:06:17.7774907 [Info] User sets amplitude to 32.9.
00:06:17.7964851 [Info] User sets amplitude to 31.7.
00:06:17.8118107 [Info] User sets amplitude to 30.6.
00:06:17.8289828 [Info] User sets amplitude to 29.4.
00:06:17.8460815 [Info] User sets amplitude to 28.3.
00:06:17.8617055 [Info] User sets amplitude to 27.3.
00:06:17.8792739 [Info] User sets amplitude to 26.6.
00:06:17.8980378 [Info] User sets amplitude to 25.8.
00:06:17.9121417 [Info] User sets amplitude to 24.8.
00:06:17.9302243 [Info] User sets amplitude to 23.9.
00:06:17.9472711 [Info] User sets amplitude to 23.3.
00:06:17.9642196 [Info] User sets amplitude to 22.1.
00:06:17.9810339 [Info] User sets amplitude to 21.3.
00:06:17.9968767 [Info] User sets amplitude to 20.9.
00:06:18.0142649 [Info] User sets amplitude to 19.8.
00:06:18.0293142 [Info] User sets amplitude to 19.1.
00:06:18.0441171 [Info] User sets amplitude to 18.5.
00:06:18.0617601 [Info] User sets amplitude to 17.7.
00:06:18.0780937 [Info] User sets amplitude to 17.1.
00:06:18.0951171 [Info] User sets amplitude to 16.4.
00:06:18.1147165 [Info] User sets amplitude to 16.
00:06:18.1293256 [Info] User sets amplitude to 15.4.
00:06:18.1495881 [Info] User sets amplitude to 14.9.
00:06:18.1639163 [Info] User sets amplitude to 14.5.
00:06:18.1792620 [Info] User sets amplitude to 13.8.
00:06:18.1962028 [Info] User sets amplitude to 13.4.
00:06:18.2131555 [Info] User sets amplitude to 13.
00:06:18.2317871 [Info] User sets amplitude to 12.5.
00:06:18.2469631 [Info] User sets amplitude to 12.3.
00:06:18.2647264 [Info] User sets amplitude to 12.
00:06:18.2798788 [Info] User sets amplitude to 11.9.
00:06:18.2969711 [Info] User sets amplitude to 11.8.
00:06:18.3141422 [Info] User sets amplitude to 11.5.
00:06:18.3334579 [Info] User sets amplitude to 11.4.
00:06:18.3609973 [Info] User sets amplitude to 11.3.
00:06:18.3943994 [Info] User sets amplitude to 11.2.
00:06:18.4765202 [Info] User sets amplitude to 11.
00:06:18.4972837 [Info] User sets amplitude to 10.9.
00:06:18.6605485 [Info] User sets amplitude to 11.
00:06:18.6787941 [Info] User sets amplitude to 11.2.
00:06:18.6979687 [Info] User sets amplitude to 11.3.
00:06:18.7126589 [Info] User sets amplitude to 11.4.
00:06:18.7313939 [Info] User sets amplitude to 11.8.
00:06:18.7470447 [Info] User sets amplitude to 12.1.
00:06:18.7603466 [Info] User sets amplitude to 12.5.
00:06:18.7795893 [Info] User sets amplitude to 12.9.
00:06:18.7956474 [Info] User sets amplitude to 13.4.
00:06:18.8144452 [Info] User sets amplitude to 14.
00:06:18.8302453 [Info] User sets amplitude to 14.2.
00:06:18.8467130 [Info] User sets amplitude to 14.9.
00:06:18.8693464 [Info] User sets amplitude to 15.7.
00:06:18.8850868 [Info] User sets amplitude to 16.2.
00:06:18.8964396 [Info] User sets amplitude to 16.4.
00:06:18.9109075 [Info] User sets amplitude to 17.
00:06:18.9268905 [Info] User sets amplitude to 17.5.
00:06:18.9466805 [Info] User sets amplitude to 18.
00:06:18.9610431 [Info] User sets amplitude to 18.3.
00:06:18.9787081 [Info] User sets amplitude to 18.7.
00:06:19.8138868 [Info] User sets offset to 49.
00:06:19.9478829 [Info] User sets offset to 55.
00:06:19.9613688 [Info] User sets offset to 57.
00:06:19.9807227 [Info] User sets offset to 58.
00:06:19.9990697 [Info] User sets offset to 59.
00:06:20.0137714 [Info] User sets offset to 61.
00:06:20.0283600 [Info] User sets offset to 62.
00:06:20.0468055 [Info] User sets offset to 64.
00:06:20.0613700 [Info] User sets offset to 65.
00:06:20.0811770 [Info] User sets offset to 66.
00:06:20.0954125 [Info] User sets offset to 68.
00:06:20.1145155 [Info] User sets offset to 70.
00:06:20.1306458 [Info] User sets offset to 71.
00:06:20.1471080 [Info] User sets offset to 73.
00:06:20.1647513 [Info] User sets offset to 75.
00:06:20.1796127 [Info] User sets offset to 76.
00:06:20.1989433 [Info] User sets offset to 77.
00:06:20.2130192 [Info] User sets offset to 79.
00:06:20.2333365 [Info] User sets offset to 80.
00:06:20.2463957 [Info] User sets offset to 81.
00:06:20.2765826 [Info] User sets offset to 83.
00:06:20.2969068 [Info] User sets offset to 85.
00:06:20.3143404 [Info] User sets offset to 86.
00:06:20.3296446 [Info] User sets offset to 87.
00:06:20.3542982 [Info] User sets offset to 88.
00:06:20.3617386 [Info] User sets offset to 89.
00:06:20.3776323 [Info] User sets offset to 90.
00:06:20.3966836 [Info] User sets offset to 91.
00:06:20.4134138 [Info] User sets offset to 92.
00:06:20.4318181 [Info] User sets offset to 93.
00:06:20.4601633 [Info] User sets offset to 94.
00:06:20.4811204 [Info] User sets offset to 95.
00:06:20.4969602 [Info] User sets offset to 96.
00:06:20.5149866 [Info] User sets offset to 97.
00:06:20.5304289 [Info] User sets offset to 98.
00:06:20.5642714 [Info] User sets offset to 99.
00:06:20.5809557 [Info] User sets offset to 100.
00:06:20.6113664 [Info] User sets offset to 101.
00:06:20.6283069 [Info] User sets offset to 102.
00:06:20.6450373 [Info] User sets offset to 103.
00:06:20.6640460 [Info] User sets offset to 104.
00:06:20.6945885 [Info] User sets offset to 105.
00:06:20.7308396 [Info] User sets offset to 106.
00:06:20.7466978 [Info] User sets offset to 107.
00:06:20.7647118 [Info] User sets offset to 108.
00:06:20.7818814 [Info] User sets offset to 109.
00:06:20.8284001 [Info] User sets offset to 110.
00:06:20.8482345 [Info] User sets offset to 111.
00:06:20.8657561 [Info] User sets offset to 112.
00:06:20.8932956 [Info] User sets offset to 113.
00:06:20.9149079 [Info] User sets offset to 114.
00:06:20.9605193 [Info] User sets offset to 115.
00:06:20.9814644 [Info] User sets offset to 116.
00:06:21.0107938 [Info] User sets offset to 117.
00:06:21.0431643 [Info] User sets offset to 118.
00:06:21.0803612 [Info] User sets offset to 119.
00:06:21.0978362 [Info] User sets offset to 120.
00:06:21.1301408 [Info] User sets offset to 121.
00:06:21.1651003 [Info] User sets offset to 122.
00:06:21.1801590 [Info] User sets offset to 123.
00:06:21.1940502 [Info] User sets offset to 124.
00:06:21.2109738 [Info] User sets offset to 125.
00:06:21.2287717 [Info] User sets offset to 126.
00:06:21.2465679 [Info] User sets offset to 127.
00:06:21.2645844 [Info] User sets offset to 128.
00:06:21.2811264 [Info] User sets offset to 130.
00:06:21.2964253 [Info] User sets offset to 131.
00:06:21.3113768 [Info] User sets offset to 132.
00:06:21.3311768 [Info] User sets offset to 133.
00:06:21.3496102 [Info] User sets offset to 135.
00:06:21.3637896 [Info] User sets offset to 136.
00:06:21.3835782 [Info] User sets offset to 139.
00:06:21.3964386 [Info] User sets offset to 140.
00:06:21.4155717 [Info] User sets offset to 141.
00:06:21.4308878 [Info] User sets offset to 142.
00:06:21.4467761 [Info] User sets offset to 143.
00:06:21.4653479 [Info] User sets offset to 144.
00:06:21.4799275 [Info] User sets offset to 145.
00:06:21.5097082 [Info] User sets offset to 146.
00:06:21.5276554 [Info] User sets offset to 147.
00:06:21.5773059 [Info] User sets offset to 148.
00:06:21.6271851 [Info] User sets offset to 149.
00:06:21.7130839 [Info] User sets offset to 150.
00:06:21.7781126 [Info] User sets offset to 151.
00:06:21.8099721 [Info] User sets offset to 152.
00:06:21.8436386 [Info] User sets offset to 153.
00:06:21.8639214 [Info] User sets offset to 154.
00:06:21.9110919 [Info] User sets offset to 155.
00:06:21.9462954 [Info] User sets offset to 156.
00:06:21.9946340 [Info] User sets offset to 157.
00:06:22.0444001 [Info] User sets offset to 158.
00:06:22.1270894 [Info] User sets offset to 159.
00:06:22.2099816 [Info] User sets offset to 160.
00:06:22.3771571 [Info] User sets offset to 161.
00:06:22.4606173 [Info] User sets offset to 162.
00:06:22.5461994 [Info] User sets offset to 163.
00:06:22.6478628 [Info] User sets offset to 164.
00:06:22.7619674 [Info] User sets offset to 165.
00:06:25.2638404 [Info] User sets offset to 160.
00:06:25.3808914 [Info] User sets offset to 154.
00:06:25.3887138 [Info] User sets offset to 152.
00:06:25.3970751 [Info] User sets offset to 151.
00:06:25.4336361 [Info] User sets offset to 149.
00:06:25.4457645 [Info] User sets offset to 147.
00:06:25.4636245 [Info] User sets offset to 144.
00:06:25.4804572 [Info] User sets offset to 142.
00:06:25.4954748 [Info] User sets offset to 140.
00:06:25.5138573 [Info] User sets offset to 139.
00:06:25.5309364 [Info] User sets offset to 137.
00:06:25.5474566 [Info] User sets offset to 136.
00:06:25.5636971 [Info] User sets offset to 135.
00:06:25.5795739 [Info] User sets offset to 134.
00:06:25.5977737 [Info] User sets offset to 133.
00:06:25.6292590 [Info] User sets offset to 132.
00:06:25.6783013 [Info] User sets offset to 131.
00:06:25.7289361 [Info] User sets offset to 130.
00:06:25.7774392 [Info] User sets offset to 129.
00:06:26.3957738 [Info] User sets amplitude to 18.8.
00:06:26.4175312 [Info] User sets amplitude to 22.5.
00:06:26.4305349 [Info] User sets amplitude to 24.1.
00:06:26.4455059 [Info] User sets amplitude to 25.6.
00:06:26.4638479 [Info] User sets amplitude to 27.5.
00:06:26.4797703 [Info] User sets amplitude to 29.3.
00:06:26.4976291 [Info] User sets amplitude to 31.
00:06:26.5133460 [Info] User sets amplitude to 32.7.
00:06:26.5302149 [Info] User sets amplitude to 34.4.
00:06:26.5482590 [Info] User sets amplitude to 36.
00:06:26.5649253 [Info] User sets amplitude to 37.7.
00:06:26.5978352 [Info] User sets amplitude to 39.2.
00:06:26.5985503 [Info] User sets amplitude to 40.5.
00:06:26.6135048 [Info] User sets amplitude to 43.
00:06:26.6336790 [Info] User sets amplitude to 44.6.
00:06:26.6593126 [Info] User sets amplitude to 45.9.
00:06:26.6614877 [Info] User sets amplitude to 46.7.
00:06:26.6797360 [Info] User sets amplitude to 48.6.
00:06:26.7297702 [Info] User sets amplitude to 49.5.
00:06:26.7304884 [Info] User sets amplitude to 50.8.
00:06:26.7308417 [Info] User sets amplitude to 51.8.
00:06:26.7456379 [Info] User sets amplitude to 52.7.
00:06:26.7622138 [Info] User sets amplitude to 53.7.
00:06:26.7805340 [Info] User sets amplitude to 54.4.
00:06:26.7969764 [Info] User sets amplitude to 55.2.
00:06:26.8134755 [Info] User sets amplitude to 55.7.
00:06:26.8307079 [Info] User sets amplitude to 56.3.
00:06:26.8464594 [Info] User sets amplitude to 56.5.
00:06:26.8636040 [Info] User sets amplitude to 56.8.
00:06:26.8802087 [Info] User sets amplitude to 57.
00:06:26.8975172 [Info] User sets amplitude to 57.1.
00:06:26.9442409 [Info] User sets amplitude to 57.2.
00:06:26.9631025 [Info] User sets amplitude to 57.5.
00:06:26.9809934 [Info] User sets amplitude to 57.6.
00:06:26.9961337 [Info] User sets amplitude to 57.7.
00:06:31.8519488 [Info] User sets amplitude to 57.6.
00:07:31.0305793 [Info] User sets amplitude to 48.5.
00:07:31.6037678 [Info] User sets amplitude to 50.1.
00:07:32.4491242 [Info] User sets amplitude to 50.7.
00:07:32.5490036 [Info] User sets amplitude to 47.3.
00:07:32.5578377 [Info] User sets amplitude to 46.3.
00:07:32.5649438 [Info] User sets amplitude to 45.2.
00:07:32.5821114 [Info] User sets amplitude to 42.5.
00:07:32.5970795 [Info] User sets amplitude to 39.2.
00:07:32.6166245 [Info] User sets amplitude to 33.5.
00:07:32.6341860 [Info] User sets amplitude to 29.2.
00:07:32.6469419 [Info] User sets amplitude to 24.7.
00:07:32.6650950 [Info] User sets amplitude to 20.2.
00:07:32.6799459 [Info] User sets amplitude to 16.9.
00:07:32.6954985 [Info] User sets amplitude to 11.7.
00:07:32.7145951 [Info] User sets amplitude to 7.9.
00:07:32.7332565 [Info] User sets amplitude to 4.4.
00:07:32.7479180 [Info] User sets amplitude to 1.2.
00:07:32.7655554 [Info] User sets amplitude to 0.
00:07:33.4804373 [Info] User sets offset to 127.
00:07:33.5683425 [Info] User sets offset to 120.
00:07:33.5794752 [Info] User sets offset to 115.
00:07:33.5992833 [Info] User sets offset to 110.
00:07:33.6117761 [Info] User sets offset to 104.
00:07:33.6295759 [Info] User sets offset to 96.
00:07:33.6517345 [Info] User sets offset to 91.
00:07:33.6635355 [Info] User sets offset to 81.
00:07:33.6818885 [Info] User sets offset to 71.
00:07:33.6986176 [Info] User sets offset to 62.
00:07:33.7165337 [Info] User sets offset to 53.
00:07:33.7325634 [Info] User sets offset to 45.
00:07:33.7486014 [Info] User sets offset to 37.
00:07:33.7661664 [Info] User sets offset to 31.
00:07:33.7832104 [Info] User sets offset to 24.
00:07:33.8011823 [Info] User sets offset to 20.
00:07:33.8131173 [Info] User sets offset to 19.
00:07:33.8375668 [Info] User sets offset to 14.
00:07:33.8518219 [Info] User sets offset to 9.
00:07:33.8645612 [Info] User sets offset to 4.
00:07:33.8827132 [Info] User sets offset to 0.
00:08:49.7772315 [Info] User sets offset to 6.
00:08:49.7896248 [Info] User sets offset to 19.
00:08:49.8993401 [Info] User sets offset to 25.
00:08:49.9055241 [Info] User sets offset to 26.
00:08:49.9188252 [Info] User sets offset to 27.
00:08:49.9368319 [Info] User sets offset to 28.
00:08:49.9506616 [Info] User sets offset to 29.
00:08:49.9668235 [Info] User sets offset to 32.
00:08:49.9856182 [Info] User sets offset to 33.
00:08:50.0004334 [Info] User sets offset to 34.
00:08:50.0200315 [Info] User sets offset to 35.
00:08:50.0491913 [Info] User sets offset to 37.
00:08:50.0816376 [Info] User sets offset to 39.
00:08:50.0997882 [Info] User sets offset to 42.
00:08:50.1172112 [Info] User sets offset to 47.
00:08:50.1362136 [Info] User sets offset to 54.
00:08:50.1522690 [Info] User sets offset to 61.
00:08:50.1689544 [Info] User sets offset to 70.
00:08:50.1853106 [Info] User sets offset to 78.
00:08:50.1999347 [Info] User sets offset to 87.
00:08:50.2188813 [Info] User sets offset to 98.
00:08:50.2303326 [Info] User sets offset to 107.
00:08:50.2510700 [Info] User sets offset to 116.
00:08:50.2685664 [Info] User sets offset to 126.
00:08:50.2853198 [Info] User sets offset to 137.
00:08:50.3041759 [Info] User sets offset to 142.
00:08:50.3173334 [Info] User sets offset to 153.
00:08:50.3345512 [Info] User sets offset to 160.
00:08:50.3525618 [Info] User sets offset to 166.
00:08:50.3669752 [Info] User sets offset to 170.
00:08:50.3842359 [Info] User sets offset to 175.
00:08:50.4003039 [Info] User sets offset to 178.
00:08:50.4164928 [Info] User sets offset to 180.
00:08:57.6915067 [Info] User sets offset to 177.
00:08:57.7068170 [Info] User sets offset to 168.
00:08:57.7391226 [Info] User sets offset to 163.
00:08:57.7483832 [Info] User sets offset to 161.
00:08:57.7692439 [Info] User sets offset to 158.
00:08:57.7839664 [Info] User sets offset to 155.
00:08:57.8003586 [Info] User sets offset to 151.
00:08:57.8150305 [Info] User sets offset to 149.
00:08:57.8336373 [Info] User sets offset to 148.
00:08:57.8504957 [Info] User sets offset to 145.
00:08:57.8804824 [Info] User sets offset to 144.
00:08:57.8858790 [Info] User sets offset to 142.
00:08:57.9022694 [Info] User sets offset to 141.
00:08:57.9179845 [Info] User sets offset to 140.
00:08:57.9510474 [Info] User sets offset to 139.
00:08:57.9905115 [Info] User sets offset to 138.
00:08:58.0033392 [Info] User sets offset to 137.
00:08:58.0977461 [Info] User sets offset to 135.
00:08:58.1178405 [Info] User sets offset to 133.
00:08:58.1338321 [Info] User sets offset to 131.
00:08:58.1520638 [Info] User sets offset to 130.
00:08:58.1683810 [Info] User sets offset to 128.
00:08:58.1853099 [Info] User sets offset to 127.
00:08:58.2018453 [Info] User sets offset to 126.
00:08:58.2337575 [Info] User sets offset to 125.
00:08:58.6510675 [Info] User sets offset to 124.
00:08:58.6826199 [Info] User sets offset to 123.
00:08:58.7159267 [Info] User sets offset to 122.
00:08:58.9974595 [Info] User sets offset to 123.
00:08:59.0325744 [Info] User sets offset to 124.
00:08:59.0816116 [Info] User sets offset to 125.
00:08:59.1320207 [Info] User sets offset to 126.
00:08:59.1659465 [Info] User sets offset to 127.
00:08:59.2177596 [Info] User sets offset to 128.
00:08:59.2695881 [Info] User sets offset to 129.
00:08:59.3172675 [Info] User sets offset to 130.
00:08:59.4638046 [Info] User sets offset to 131.
00:09:13.5844252 [Info] User 2 sets frequency to 1.4.
00:09:13.6368025 [Info] User 2 sets frequency to 1.3.
00:09:13.6553147 [Info] User 2 sets frequency to 1.2.
00:09:13.6700205 [Info] User 2 sets frequency to 1.1.
00:09:13.6889624 [Info] User 2 sets frequency to 1.
00:09:13.7035736 [Info] User 2 sets frequency to 0.9.
00:09:13.7196708 [Info] User 2 sets frequency to 0.7.
00:09:13.7379223 [Info] User 2 sets frequency to 0.6.
00:09:13.7532546 [Info] User 2 sets frequency to 0.5.
00:09:13.7792195 [Info] User 2 sets frequency to 0.4.
00:09:13.7858155 [Info] User 2 sets frequency to 0.3.
00:09:13.8030549 [Info] User 2 sets frequency to 0.2.
00:09:13.8235828 [Info] User 2 sets frequency to 0.1.
00:09:13.8394695 [Info] User 2 sets frequency to 0.
00:09:19.1914380 [Info] User 2 sets frequency to 0.1.
00:09:19.2695832 [Info] User 2 sets frequency to 0.2.
00:09:19.3853995 [Info] User 2 sets frequency to 0.3.
00:09:21.6524108 [Info] User 2 sets frequency to 0.4.
00:09:21.7202994 [Info] User 2 sets frequency to 0.5.
00:09:21.8522807 [Info] User 2 sets frequency to 0.6.
00:09:22.2696226 [Info] User 2 sets frequency to 0.7.
00:09:29.0243799 [Info] User sets offset to 133.
00:09:29.0423209 [Info] User sets offset to 116.
00:09:29.1404166 [Info] User sets offset to 111.
00:09:29.1826901 [Info] User sets offset to 110.
00:09:29.3720166 [Info] User sets offset to 125.
00:09:29.5341714 [Info] User sets offset to 120.
00:09:29.5678502 [Info] User sets offset to 118.
00:09:29.5846877 [Info] User sets offset to 117.
00:09:29.6196097 [Info] User sets offset to 116.
00:09:29.6345835 [Info] User sets offset to 115.
00:09:29.6675654 [Info] User sets offset to 114.
00:09:29.7164348 [Info] User sets offset to 113.
00:09:30.1664721 [Info] User sets offset to 112.
00:09:30.2494884 [Info] User sets offset to 111.
00:09:30.3000644 [Info] User sets offset to 110.
00:09:30.3498963 [Info] User sets offset to 109.
00:09:30.4028722 [Info] User sets offset to 108.
00:09:30.4658207 [Info] User sets offset to 107.
00:09:30.6024091 [Info] User sets offset to 106.
00:09:30.8824285 [Info] User sets offset to 105.
00:09:30.9659653 [Info] User sets offset to 104.
00:09:31.1658568 [Info] User sets offset to 103.
00:09:31.2689275 [Info] User sets offset to 102.
00:09:31.3181387 [Info] User sets offset to 101.
00:09:31.4199597 [Info] User sets offset to 100.
00:09:31.4822490 [Info] User sets offset to 99.
00:09:31.5322287 [Info] User sets offset to 98.
00:09:31.5658134 [Info] User sets offset to 97.
00:09:31.5853358 [Info] User sets offset to 96.
00:09:31.6186853 [Info] User sets offset to 95.
00:09:31.6669841 [Info] User sets offset to 94.
00:09:31.7502781 [Info] User sets offset to 93.
00:09:31.7998371 [Info] User sets offset to 92.
00:09:32.0987585 [Info] User sets offset to 91.
00:09:32.1487990 [Info] User sets offset to 90.
00:09:32.1845396 [Info] User sets offset to 89.
00:09:32.2325542 [Info] User sets offset to 88.
00:10:07.9600721 [Info] User sets amplitude to 2.5.
00:10:07.9607706 [Info] User sets amplitude to 5.6.
00:10:07.9674462 [Info] User sets amplitude to 5.8.
00:10:07.9874913 [Info] User sets amplitude to 7.4.
00:10:08.0035404 [Info] User sets amplitude to 8.5.
00:10:08.0191354 [Info] User sets amplitude to 9.7.
00:10:08.0350901 [Info] User sets amplitude to 10.6.
00:10:08.0514566 [Info] User sets amplitude to 12.3.
00:10:08.0683234 [Info] User sets amplitude to 13.1.
00:10:08.0848230 [Info] User sets amplitude to 14.9.
00:10:08.1007791 [Info] User sets amplitude to 16.3.
00:10:08.1186405 [Info] User sets amplitude to 17.5.
00:10:08.1352728 [Info] User sets amplitude to 18.6.
00:10:08.1524422 [Info] User sets amplitude to 19.6.
00:10:08.1706494 [Info] User sets amplitude to 20.9.
00:10:08.1855560 [Info] User sets amplitude to 22.
00:10:08.2025300 [Info] User sets amplitude to 23.1.
00:10:08.2165779 [Info] User sets amplitude to 24.2.
00:10:08.2346141 [Info] User sets amplitude to 25.3.
00:10:08.2566366 [Info] User sets amplitude to 26.2.
00:10:08.2685937 [Info] User sets amplitude to 27.9.
00:10:08.2867338 [Info] User sets amplitude to 28.4.
00:10:08.3020879 [Info] User sets amplitude to 29.8.
00:10:08.3182016 [Info] User sets amplitude to 30.5.
00:10:08.3343226 [Info] User sets amplitude to 30.9.
00:10:08.3522889 [Info] User sets amplitude to 31.8.
00:10:08.3691034 [Info] User sets amplitude to 32.2.
00:10:08.3864409 [Info] User sets amplitude to 32.8.
00:10:08.4015386 [Info] User sets amplitude to 33.3.
00:10:08.4190780 [Info] User sets amplitude to 33.9.
00:10:08.4349203 [Info] User sets amplitude to 34.4.
00:10:08.4529275 [Info] User sets amplitude to 34.9.
00:10:08.4685975 [Info] User sets amplitude to 35.4.
00:10:08.4854589 [Info] User sets amplitude to 35.8.
00:10:08.5032585 [Info] User sets amplitude to 36.3.
00:10:08.5200723 [Info] User sets amplitude to 36.7.
00:10:08.5355324 [Info] User sets amplitude to 37.1.
00:10:08.5522938 [Info] User sets amplitude to 37.3.
00:10:08.5701793 [Info] User sets amplitude to 37.7.
00:10:08.5858368 [Info] User sets amplitude to 38.2.
00:10:08.6186821 [Info] User sets amplitude to 38.4.
00:10:08.6362900 [Info] User sets amplitude to 38.8.
00:10:08.6520545 [Info] User sets amplitude to 39.1.
00:10:08.6682976 [Info] User sets amplitude to 39.4.
00:10:08.6856381 [Info] User sets amplitude to 39.6.
00:10:08.7009927 [Info] User sets amplitude to 39.9.
00:10:08.7188117 [Info] User sets amplitude to 40.1.
00:10:08.7330557 [Info] User sets amplitude to 40.3.
00:10:08.7540392 [Info] User sets amplitude to 40.5.
00:10:08.7717603 [Info] User sets amplitude to 40.6.
00:10:08.7852499 [Info] User sets amplitude to 40.7.
00:10:08.8182497 [Info] User sets amplitude to 40.8.
00:10:09.3893681 [Info] User sets offset to 87.
00:10:09.5523888 [Info] User sets offset to 82.
00:10:09.5713530 [Info] User sets offset to 81.
00:10:09.5876994 [Info] User sets offset to 80.
00:10:09.6040086 [Info] User sets offset to 79.
00:10:09.6180597 [Info] User sets offset to 78.
00:10:09.6509021 [Info] User sets offset to 77.
00:10:09.6698053 [Info] User sets offset to 76.
00:10:09.7010111 [Info] User sets offset to 75.
00:10:09.7207141 [Info] User sets offset to 74.
00:10:09.7367260 [Info] User sets offset to 73.
00:10:09.7838893 [Info] User sets offset to 72.
00:10:09.8997986 [Info] User sets offset to 73.
00:10:09.9192871 [Info] User sets offset to 74.
00:10:09.9349650 [Info] User sets offset to 76.
00:10:09.9521268 [Info] User sets offset to 78.
00:10:09.9706385 [Info] User sets offset to 80.
00:10:09.9853918 [Info] User sets offset to 82.
00:10:10.0043110 [Info] User sets offset to 85.
00:10:10.0196734 [Info] User sets offset to 87.
00:10:10.0383244 [Info] User sets offset to 90.
00:10:10.0535870 [Info] User sets offset to 92.
00:10:10.0705324 [Info] User sets offset to 95.
00:10:10.0860983 [Info] User sets offset to 97.
00:10:10.1043425 [Info] User sets offset to 99.
00:10:10.1213667 [Info] User sets offset to 101.
00:10:10.1357785 [Info] User sets offset to 102.
00:10:10.1545954 [Info] User sets offset to 104.
00:10:10.1702883 [Info] User sets offset to 106.
00:10:10.1853681 [Info] User sets offset to 107.
00:10:10.2022998 [Info] User sets offset to 108.
00:10:10.2186592 [Info] User sets offset to 110.
00:10:10.2353037 [Info] User sets offset to 111.
00:10:10.2522442 [Info] User sets offset to 112.
00:10:10.2678117 [Info] User sets offset to 113.
00:10:10.2903252 [Info] User sets offset to 114.
00:10:10.3025772 [Info] User sets offset to 115.
00:10:10.3210101 [Info] User sets offset to 116.
00:10:10.3532443 [Info] User sets offset to 117.
00:10:10.3844483 [Info] User sets offset to 118.
00:10:10.4023045 [Info] User sets offset to 119.
00:10:10.4213941 [Info] User sets offset to 120.
00:10:10.4375149 [Info] User sets offset to 121.
00:10:10.4681400 [Info] User sets offset to 122.
00:10:10.5024262 [Info] User sets offset to 123.
00:10:10.5346334 [Info] User sets offset to 124.
00:10:10.5663337 [Info] User sets offset to 125.
00:10:10.6165174 [Info] User sets offset to 126.
00:10:10.6650202 [Info] User sets offset to 127.
00:10:10.6850937 [Info] User sets offset to 128.
00:10:10.7348945 [Info] User sets offset to 129.
00:10:10.7835087 [Info] User sets offset to 130.
00:10:10.8167073 [Info] User sets offset to 131.
00:10:10.8647959 [Info] User sets offset to 132.
00:10:10.9180266 [Info] User sets offset to 133.
00:10:10.9662558 [Info] User sets offset to 134.
00:10:11.0190772 [Info] User sets offset to 135.
00:10:11.0681538 [Info] User sets offset to 136.
00:10:11.1677040 [Info] User sets offset to 137.
00:10:11.3689270 [Info] User sets offset to 138.
00:10:12.6669891 [Info] User sets offset to 137.
00:10:12.7005490 [Info] User sets offset to 136.
00:10:12.7354821 [Info] User sets offset to 135.
00:10:12.7562994 [Info] User sets offset to 134.
00:10:12.7858108 [Info] User sets offset to 133.
00:10:12.8028300 [Info] User sets offset to 132.
00:10:12.8376524 [Info] User sets offset to 131.
00:10:12.8538080 [Info] User sets offset to 129.
00:10:12.8719046 [Info] User sets offset to 128.
00:10:12.8843068 [Info] User sets offset to 127.
00:10:12.9019422 [Info] User sets offset to 125.
00:10:12.9170672 [Info] User sets offset to 124.
00:10:12.9347435 [Info] User sets offset to 123.
00:10:12.9511931 [Info] User sets offset to 122.
00:10:12.9719279 [Info] User sets offset to 121.
00:10:12.9854045 [Info] User sets offset to 119.
00:10:13.0003740 [Info] User sets offset to 118.
00:10:13.0210291 [Info] User sets offset to 117.
00:10:13.0364793 [Info] User sets offset to 116.
00:10:13.0541973 [Info] User sets offset to 115.
00:10:13.0854981 [Info] User sets offset to 114.
00:10:13.1035792 [Info] User sets offset to 110.
00:10:13.1209800 [Info] User sets offset to 106.
00:10:13.1369303 [Info] User sets offset to 105.
00:10:13.1554370 [Info] User sets offset to 98.
00:10:13.1682394 [Info] User sets offset to 93.
00:10:13.1842035 [Info] User sets offset to 87.
00:10:13.2005111 [Info] User sets offset to 82.
00:10:13.2182650 [Info] User sets offset to 76.
00:10:13.2361100 [Info] User sets offset to 71.
00:10:13.2524298 [Info] User sets offset to 65.
00:10:13.2683008 [Info] User sets offset to 60.
00:10:13.2869034 [Info] User sets offset to 56.
00:10:13.3020684 [Info] User sets offset to 51.
00:10:13.3203279 [Info] User sets offset to 47.
00:10:13.3373190 [Info] User sets offset to 43.
00:10:13.3541256 [Info] User sets offset to 38.
00:10:13.3698834 [Info] User sets offset to 33.
00:10:13.4107363 [Info] User sets offset to 26.
00:10:13.4110201 [Info] User sets offset to 24.
00:10:13.4180170 [Info] User sets offset to 20.
00:10:13.4376117 [Info] User sets offset to 16.
00:10:13.4530204 [Info] User sets offset to 14.
00:10:13.4675502 [Info] User sets offset to 13.
00:10:13.4858188 [Info] User sets offset to 12.
00:10:13.5004666 [Info] User sets offset to 11.
00:10:42.9587839 [Info] User sets offset to 3.
00:10:42.9760680 [Info] User sets offset to 9.
00:10:42.9863134 [Info] User sets offset to 11.
00:10:43.0036583 [Info] User sets offset to 13.
00:10:43.0206738 [Info] User sets offset to 16.
00:10:43.0383037 [Info] User sets offset to 18.
00:10:43.0531503 [Info] User sets offset to 23.
00:10:43.0684826 [Info] User sets offset to 27.
00:10:43.0862170 [Info] User sets offset to 30.
00:10:43.1005744 [Info] User sets offset to 34.
00:10:43.1204760 [Info] User sets offset to 38.
00:10:43.1361851 [Info] User sets offset to 42.
00:10:43.1522681 [Info] User sets offset to 45.
00:10:43.1694703 [Info] User sets offset to 49.
00:10:43.1871530 [Info] User sets offset to 52.
00:10:43.2049213 [Info] User sets offset to 56.
00:10:43.2225264 [Info] User sets offset to 58.
00:10:43.2387819 [Info] User sets offset to 60.
00:10:43.2530892 [Info] User sets offset to 61.
00:10:43.2711949 [Info] User sets offset to 64.
00:10:43.2872308 [Info] User sets offset to 67.
00:10:43.3053701 [Info] User sets offset to 69.
00:10:43.3201934 [Info] User sets offset to 72.
00:10:43.3334469 [Info] User sets offset to 75.
00:10:43.3526339 [Info] User sets offset to 78.
00:10:43.3694459 [Info] User sets offset to 81.
00:10:43.3858293 [Info] User sets offset to 83.
00:10:43.4023768 [Info] User sets offset to 86.
00:10:43.4190212 [Info] User sets offset to 88.
00:10:43.4354959 [Info] User sets offset to 91.
00:10:43.4504932 [Info] User sets offset to 94.
00:10:43.4701292 [Info] User sets offset to 97.
00:10:43.4870084 [Info] User sets offset to 101.
00:10:43.5048445 [Info] User sets offset to 104.
00:10:43.5199459 [Info] User sets offset to 107.
00:10:43.5364143 [Info] User sets offset to 109.
00:10:43.5543717 [Info] User sets offset to 113.
00:10:43.5704565 [Info] User sets offset to 116.
00:10:43.5879566 [Info] User sets offset to 118.
00:10:43.6040283 [Info] User sets offset to 119.
00:10:43.6197270 [Info] User sets offset to 122.
00:10:43.6356152 [Info] User sets offset to 124.
00:10:43.6517867 [Info] User sets offset to 126.
00:10:43.6691805 [Info] User sets offset to 127.
00:10:43.6856824 [Info] User sets offset to 129.
00:10:43.7003209 [Info] User sets offset to 130.
00:10:43.7195110 [Info] User sets offset to 131.
00:10:43.7354165 [Info] User sets offset to 132.
00:10:43.7512542 [Info] User sets offset to 133.
00:10:43.7713805 [Info] User sets offset to 134.
00:10:43.7877061 [Info] User sets offset to 135.
00:10:43.8039206 [Info] User sets offset to 136.
00:10:43.8208481 [Info] User sets offset to 137.
00:10:43.8358614 [Info] User sets offset to 138.
00:10:43.8555674 [Info] User sets offset to 139.
00:10:43.8709879 [Info] User sets offset to 140.
00:10:43.9204921 [Info] User sets offset to 141.
00:10:43.9381937 [Info] User sets offset to 142.
00:10:43.9505412 [Info] User sets offset to 143.
00:10:43.9690474 [Info] User sets offset to 144.
00:10:44.0009149 [Info] User sets offset to 145.
00:10:44.0324027 [Info] User sets offset to 146.
00:10:44.0665466 [Info] User sets offset to 147.
00:10:44.1175001 [Info] User sets offset to 148.
00:10:44.1674575 [Info] User sets offset to 149.
00:10:44.2210659 [Info] User sets offset to 150.
00:10:44.3154896 [Info] User sets offset to 151.
00:10:44.4857285 [Info] User sets offset to 152.
00:10:44.6502319 [Info] User sets offset to 153.
00:10:44.7344428 [Info] User sets offset to 154.
00:10:44.8172107 [Info] User sets offset to 155.
00:10:44.9510295 [Info] User sets offset to 156.
00:10:45.0519131 [Info] User sets offset to 157.
00:10:45.1004539 [Info] User sets offset to 158.
00:10:45.1661167 [Info] User sets offset to 159.
00:10:45.2668429 [Info] User sets offset to 160.
00:10:45.4492410 [Info] User sets offset to 161.
00:10:47.4161677 [Info] User sets amplitude to 37.5.
00:10:47.5037571 [Info] User sets amplitude to 34.6.
00:10:47.5087860 [Info] User sets amplitude to 32.7.
00:10:47.5216448 [Info] User sets amplitude to 31.7.
00:10:47.5353257 [Info] User sets amplitude to 29.2.
00:10:47.5538866 [Info] User sets amplitude to 26.4.
00:10:47.5667465 [Info] User sets amplitude to 23.4.
00:10:47.5843607 [Info] User sets amplitude to 20.4.
00:10:47.6136279 [Info] User sets amplitude to 17.4.
00:10:47.6184679 [Info] User sets amplitude to 14.2.
00:10:47.6349429 [Info] User sets amplitude to 11.2.
00:10:47.6517809 [Info] User sets amplitude to 8.5.
00:10:47.6695397 [Info] User sets amplitude to 6.2.
00:10:47.6869502 [Info] User sets amplitude to 4.2.
00:10:47.7042803 [Info] User sets amplitude to 2.4.
00:10:47.7189861 [Info] User sets amplitude to 2.1.
00:10:47.7359115 [Info] User sets amplitude to 1.2.
00:10:47.7533865 [Info] User sets amplitude to 0.
00:10:53.5768141 [Info] User sets offset to 167.
00:10:53.5789973 [Info] User sets offset to 152.
00:10:53.6195337 [Info] User sets offset to 147.
00:10:53.6273196 [Info] User sets offset to 144.
00:10:53.6376024 [Info] User sets offset to 143.
00:10:53.6540581 [Info] User sets offset to 141.
00:10:53.6699482 [Info] User sets offset to 138.
00:10:53.6871925 [Info] User sets offset to 137.
00:10:53.7018587 [Info] User sets offset to 136.
00:10:53.7197349 [Info] User sets offset to 135.
00:10:53.7359630 [Info] User sets offset to 134.
00:10:53.7700580 [Info] User sets offset to 133.
00:10:54.0841500 [Info] User sets offset to 132.
00:10:54.1339228 [Info] User sets offset to 131.
00:10:54.1711628 [Info] User sets offset to 130.
00:10:54.2211008 [Info] User sets offset to 129.
00:10:54.6325583 [Info] User sets offset to 128.
00:10:54.7868717 [Info] User sets offset to 127.
00:10:54.9708393 [Info] User sets offset to 126.
00:10:55.3009613 [Info] User sets offset to 125.
00:10:55.4342305 [Info] User sets offset to 124.
00:10:55.5165332 [Info] User sets offset to 123.
00:10:55.7173703 [Info] User sets offset to 122.
00:10:55.9008927 [Info] User sets offset to 121.
00:10:56.0364463 [Info] User sets offset to 120.
00:10:56.2166515 [Info] User sets offset to 119.
00:10:56.4163569 [Info] User sets offset to 118.
00:10:56.7159558 [Info] User sets offset to 117.
00:10:57.1836066 [Info] User sets amplitude to 1.
00:10:57.3364559 [Info] User sets amplitude to 3.9.
00:10:57.3520117 [Info] User sets amplitude to 4.5.
00:10:57.3709037 [Info] User sets amplitude to 5.
00:10:57.3836536 [Info] User sets amplitude to 5.6.
00:10:57.4018923 [Info] User sets amplitude to 6.6.
00:10:57.4210578 [Info] User sets amplitude to 7.4.
00:10:57.4381426 [Info] User sets amplitude to 8.3.
00:10:57.4538233 [Info] User sets amplitude to 9.1.
00:10:57.4702384 [Info] User sets amplitude to 10.1.
00:10:57.4887734 [Info] User sets amplitude to 11.
00:10:57.5055999 [Info] User sets amplitude to 12.
00:10:57.5189782 [Info] User sets amplitude to 12.9.
00:10:57.5369122 [Info] User sets amplitude to 14.2.
00:10:57.5536317 [Info] User sets amplitude to 15.2.
00:10:57.5702500 [Info] User sets amplitude to 16.
00:10:57.5882558 [Info] User sets amplitude to 17.
00:10:57.6018368 [Info] User sets amplitude to 18.
00:10:57.6236754 [Info] User sets amplitude to 18.7.
00:10:57.6361655 [Info] User sets amplitude to 19.4.
00:10:57.6541000 [Info] User sets amplitude to 20.
00:10:57.6691354 [Info] User sets amplitude to 20.5.
00:10:57.6873228 [Info] User sets amplitude to 21.1.
00:10:57.7040060 [Info] User sets amplitude to 21.5.
00:10:57.7206668 [Info] User sets amplitude to 22.1.
00:10:57.7370807 [Info] User sets amplitude to 22.5.
00:10:57.7515546 [Info] User sets amplitude to 22.8.
00:10:57.7727028 [Info] User sets amplitude to 23.
00:10:57.7883923 [Info] User sets amplitude to 23.1.
00:11:01.8631545 [Info] User sets amplitude to 24.7.
00:11:01.9190312 [Info] User sets amplitude to 21.1.
00:11:01.9281662 [Info] User sets amplitude to 20.7.
00:11:01.9389050 [Info] User sets amplitude to 20.
00:11:01.9563842 [Info] User sets amplitude to 19.2.
00:11:01.9728807 [Info] User sets amplitude to 18.
00:11:01.9873359 [Info] User sets amplitude to 17.1.
00:11:02.0037310 [Info] User sets amplitude to 16.4.
00:11:02.0201284 [Info] User sets amplitude to 15.8.
00:11:02.0350027 [Info] User sets amplitude to 15.5.
00:11:02.0524405 [Info] User sets amplitude to 14.8.
00:11:02.0701974 [Info] User sets amplitude to 14.5.
00:11:02.0858565 [Info] User sets amplitude to 14.1.
00:11:02.1037293 [Info] User sets amplitude to 13.6.
00:11:02.1214379 [Info] User sets amplitude to 13.4.
00:11:02.1387079 [Info] User sets amplitude to 13.
00:11:02.1542288 [Info] User sets amplitude to 12.8.
00:11:02.1713915 [Info] User sets amplitude to 12.6.
00:11:02.1859713 [Info] User sets amplitude to 12.5.
00:11:02.2065786 [Info] User sets amplitude to 12.3.
00:11:02.2205644 [Info] User sets amplitude to 12.1.
00:11:02.2398255 [Info] User sets amplitude to 12.
00:11:02.2545877 [Info] User sets amplitude to 11.9.
00:11:02.2715866 [Info] User sets amplitude to 11.8.
00:11:02.2868851 [Info] User sets amplitude to 11.4.
00:11:02.3035728 [Info] User sets amplitude to 11.3.
00:11:02.3206249 [Info] User sets amplitude to 11.
00:11:02.3341290 [Info] User sets amplitude to 10.9.
00:11:02.3553962 [Info] User sets amplitude to 10.7.
00:11:02.3722524 [Info] User sets amplitude to 10.3.
00:11:02.3874425 [Info] User sets amplitude to 10.1.
00:11:02.4038621 [Info] User sets amplitude to 10.
00:11:02.4290572 [Info] User sets amplitude to 9.8.
00:11:02.4343582 [Info] User sets amplitude to 9.6.
00:11:02.4695625 [Info] User sets amplitude to 9.5.
00:11:02.5030522 [Info] User sets amplitude to 9.3.
00:11:10.4802473 [Info] User sets phase shift to 5.934119.
00:11:10.4804480 [Info] User sets phase shift to 5.2010813.
00:11:10.4912313 [Info] User sets phase shift to 5.2185345.
00:11:10.4940556 [Info] User sets phase shift to 5.148721.
00:11:10.5098040 [Info] User sets phase shift to 5.0789084.
00:11:10.5304024 [Info] User sets phase shift to 4.974189.
00:11:10.5448369 [Info] User sets phase shift to 4.904375.
00:11:10.5579854 [Info] User sets phase shift to 4.8171086.
00:11:10.5747923 [Info] User sets phase shift to 4.729842.
00:11:10.5916366 [Info] User sets phase shift to 4.694936.
00:11:10.6084935 [Info] User sets phase shift to 4.6600294.
00:11:10.6252371 [Info] User sets phase shift to 4.6425757.
00:11:10.6414019 [Info] User sets phase shift to 4.6251225.
00:11:10.6609232 [Info] User sets phase shift to 4.590216.
00:11:10.6928168 [Info] User sets phase shift to 4.572763.
00:11:11.3135391 [Info] User sets phase shift to 4.2586036.
00:11:11.3415262 [Info] User sets phase shift to 4.2236967.
00:11:11.3577576 [Info] User sets phase shift to 4.2062435.
00:11:11.3913072 [Info] User sets phase shift to 4.171337.
00:11:11.4091048 [Info] User sets phase shift to 4.153884.
00:11:11.4246286 [Info] User sets phase shift to 4.118977.
00:11:11.4401151 [Info] User sets phase shift to 4.08407.
00:11:11.4613773 [Info] User sets phase shift to 4.0666175.
00:11:11.4653345 [Info] User sets phase shift to 4.0491643.
00:11:11.4747994 [Info] User sets phase shift to 4.0317106.
00:11:11.4904431 [Info] User sets phase shift to 3.9968042.
00:11:11.5076494 [Info] User sets phase shift to 3.9793508.
00:11:11.5250692 [Info] User sets phase shift to 3.9618976.
00:11:11.5416125 [Info] User sets phase shift to 3.9444442.
00:11:11.5589388 [Info] User sets phase shift to 3.926991.
00:11:11.5759594 [Info] User sets phase shift to 3.9095378.
00:11:11.6251488 [Info] User sets phase shift to 3.8920844.
00:11:11.6409960 [Info] User sets phase shift to 3.8746312.
00:11:11.6582385 [Info] User sets phase shift to 3.8920844.
00:11:11.8041298 [Info] User sets phase shift to 3.9095378.
00:11:11.8566733 [Info] User sets phase shift to 3.926991.
00:11:12.0906811 [Info] User sets phase shift to 3.9444442.
00:11:12.7590858 [Info] User sets phase shift to 3.9618976.
00:11:33.4389837 [Info] User 2 sets frequency to 0.2.
00:11:33.5250734 [Info] User 2 sets frequency to 0.1.
00:11:33.5559752 [Info] User 2 sets frequency to 0.
00:12:37.9783815 [Info] C is no longer in control.
