00:00:03.1419241 [Info] B is in control.
00:00:38.7400155 [Info] B is no longer in control.
00:00:55.2120895 [Info] B is in control.
00:05:02.4918619 [Info] User 1 sets frequency to 0.2.
00:05:02.4948256 [Info] User 1 sets frequency to 0.3.
00:05:02.5405713 [Info] User 1 sets frequency to 0.4.
00:05:02.7832831 [Info] User 1 sets frequency to 0.
00:05:02.8488580 [Info] User 1 sets frequency to 0.1.
00:05:02.8799460 [Info] User 1 sets frequency to 0.2.
00:05:02.9248866 [Info] User 1 sets frequency to 0.3.
00:05:03.4259802 [Info] User 1 sets frequency to 0.2.
00:05:03.5636398 [Info] User 1 sets frequency to 0.3.
00:05:03.6399945 [Info] User 1 sets frequency to 0.4.
00:05:04.1407947 [Info] User 2 sets frequency to 1.
00:05:13.1329533 [Info] User sets amplitude to 0.1.
00:05:13.1443923 [Info] User sets amplitude to 5.1.
00:05:13.2066636 [Info] User sets amplitude to 8.
00:05:13.2139704 [Info] User sets amplitude to 8.5.
00:05:13.2252152 [Info] User sets amplitude to 9.2.
00:05:13.2398142 [Info] User sets amplitude to 10.1.
00:05:13.2581235 [Info] User sets amplitude to 10.9.
00:05:13.2741923 [Info] User sets amplitude to 11.7.
00:05:13.2951594 [Info] User sets amplitude to 12.6.
00:05:13.3097023 [Info] User sets amplitude to 12.9.
00:05:13.3262033 [Info] User sets amplitude to 13.4.
00:05:13.3406552 [Info] User sets amplitude to 13.6.
00:05:13.3576664 [Info] User sets amplitude to 13.8.
00:05:13.3761726 [Info] User sets amplitude to 14.3.
00:05:13.3920517 [Info] User sets amplitude to 14.8.
00:05:13.4085721 [Info] User sets amplitude to 15.2.
00:05:13.4240090 [Info] User sets amplitude to 15.3.
00:05:13.4420457 [Info] User sets amplitude to 15.4.
00:05:13.4604827 [Info] User sets amplitude to 15.7.
00:05:13.4742188 [Info] User sets amplitude to 15.8.
00:05:13.4919516 [Info] User sets amplitude to 16.
00:05:13.5552666 [Info] User sets amplitude to 16.2.
00:05:13.5735513 [Info] User sets amplitude to 16.3.
00:05:17.1157819 [Info] User sets offset to 88.
00:05:17.1224252 [Info] User sets offset to 78.
00:05:17.1744517 [Info] User sets offset to 72.
00:05:17.1843402 [Info] User sets offset to 71.
00:05:17.1947792 [Info] User sets offset to 70.
00:05:17.2074652 [Info] User sets offset to 68.
00:05:17.2248754 [Info] User sets offset to 66.
00:05:17.2436439 [Info] User sets offset to 64.
00:05:17.2578368 [Info] User sets offset to 63.
00:05:17.2823486 [Info] User sets offset to 62.
00:05:17.2915393 [Info] User sets offset to 61.
00:05:17.3094975 [Info] User sets offset to 60.
00:05:17.3426255 [Info] User sets offset to 59.
00:05:17.3757307 [Info] User sets offset to 58.
00:05:17.4393591 [Info] User sets offset to 55.
00:05:18.5300125 [Info] User sets offset to 63.
00:05:18.6078327 [Info] User sets offset to 57.
00:05:18.6153615 [Info] User sets offset to 55.
00:05:18.6266314 [Info] User sets offset to 52.
00:05:18.6421324 [Info] User sets offset to 50.
00:05:18.6591028 [Info] User sets offset to 48.
00:05:18.6756632 [Info] User sets offset to 46.
00:05:18.6920096 [Info] User sets offset to 45.
00:05:18.7100074 [Info] User sets offset to 44.
00:05:18.7243583 [Info] User sets offset to 43.
00:05:18.7411098 [Info] User sets offset to 42.
00:05:18.7908408 [Info] User sets offset to 41.
00:05:18.8407553 [Info] User sets offset to 40.
00:05:19.1570304 [Info] User sets offset to 39.
00:05:24.5224882 [Info] User 3 sets frequency to 0.9.
00:05:24.6087005 [Info] User 3 sets frequency to 0.8.
00:05:24.7603407 [Info] User 3 sets frequency to 0.7.
00:05:25.4091169 [Info] User sets amplitude to 0.
00:05:25.4093514 [Info] User 1 sets frequency to 0.
00:05:25.4103074 [Info] User sets offset to 90.
00:05:27.1398676 [Info] User 1 sets frequency to 0.1.
00:05:27.1738990 [Info] User 1 sets frequency to 0.2.
00:05:27.1814274 [Info] User 1 sets frequency to 0.3.
00:05:27.2097105 [Info] User 1 sets frequency to 0.4.
00:05:27.2592470 [Info] User 1 sets frequency to 0.5.
00:05:27.2756326 [Info] User 1 sets frequency to 0.6.
00:05:27.3572693 [Info] User 1 sets frequency to 0.7.
00:05:28.7279077 [Info] User sets amplitude to 5.
00:05:28.7917111 [Info] User sets amplitude to 8.5.
00:05:28.8083536 [Info] User sets amplitude to 11.2.
00:05:28.8251255 [Info] User sets amplitude to 13.8.
00:05:28.8455335 [Info] User sets amplitude to 16.6.
00:05:28.8612616 [Info] User sets amplitude to 19.1.
00:05:28.8783839 [Info] User sets amplitude to 21.1.
00:05:28.8932356 [Info] User sets amplitude to 23.1.
00:05:28.9102745 [Info] User sets amplitude to 24.3.
00:05:28.9309047 [Info] User sets amplitude to 25.5.
00:05:28.9456663 [Info] User sets amplitude to 25.8.
00:05:28.9610227 [Info] User sets amplitude to 26.1.
00:05:28.9768165 [Info] User sets amplitude to 26.2.
00:05:28.9943611 [Info] User sets amplitude to 26.5.
00:05:29.0103292 [Info] User sets amplitude to 26.6.
00:05:29.3884928 [Info] User sets amplitude to 26.5.
00:05:29.4072437 [Info] User sets amplitude to 26.2.
00:05:29.4556328 [Info] User sets amplitude to 26.
00:05:29.4916929 [Info] User sets amplitude to 25.8.
00:05:29.5263517 [Info] User sets amplitude to 25.5.
00:05:29.5430033 [Info] User sets amplitude to 25.4.
00:05:29.5605071 [Info] User sets amplitude to 25.3.
00:05:29.5753509 [Info] User sets amplitude to 25.1.
00:05:29.5940903 [Info] User sets amplitude to 25.
00:05:29.6244638 [Info] User sets amplitude to 24.9.
00:05:29.6451635 [Info] User sets amplitude to 24.8.
00:05:30.1929999 [Info] User 1 sets frequency to 0.8.
00:05:30.2415069 [Info] User 1 sets frequency to 0.9.
00:05:31.0959408 [Info] User 1 sets frequency to 1.
00:05:31.2579297 [Info] User 1 sets frequency to 1.1.
00:05:31.9561329 [Info] User 1 sets frequency to 1.
00:05:58.7127934 [Info] User 0 sets frequency to 0.9.
00:05:58.7628024 [Info] User 0 sets frequency to 0.8.
00:05:58.7971918 [Info] User 0 sets frequency to 0.7.
00:05:58.8165422 [Info] User 0 sets frequency to 0.6.
00:05:58.8631793 [Info] User 0 sets frequency to 0.5.
00:05:58.8996431 [Info] User 0 sets frequency to 0.4.
00:06:01.6330760 [Info] User 2 sets frequency to 1.3.
00:06:08.1805880 [Info] User sets amplitude to 21.9.
00:06:28.7634585 [Info] User sets amplitude to 25.9.
00:06:28.7774756 [Info] User sets amplitude to 33.5.
00:06:28.8261979 [Info] User sets amplitude to 36.9.
00:06:28.8343142 [Info] User sets amplitude to 37.4.
00:06:28.8470039 [Info] User sets amplitude to 37.9.
00:06:28.8598151 [Info] User sets amplitude to 38.8.
00:06:28.8792339 [Info] User sets amplitude to 40.3.
00:06:28.8954982 [Info] User sets amplitude to 40.7.
00:06:28.9127219 [Info] User sets amplitude to 41.7.
00:06:28.9282825 [Info] User sets amplitude to 42.3.
00:06:28.9441992 [Info] User sets amplitude to 42.8.
00:06:28.9603931 [Info] User sets amplitude to 43.1.
00:06:28.9791691 [Info] User sets amplitude to 43.5.
00:06:28.9939045 [Info] User sets amplitude to 43.9.
00:06:29.0091634 [Info] User sets amplitude to 44.4.
00:06:29.0249784 [Info] User sets amplitude to 44.6.
00:06:29.1277574 [Info] User sets amplitude to 44.7.
00:06:29.1521130 [Info] User sets amplitude to 45.
00:06:29.1955496 [Info] User sets amplitude to 45.1.
00:06:29.2122819 [Info] User sets amplitude to 45.2.
00:06:29.2283758 [Info] User sets amplitude to 45.4.
00:06:29.2627389 [Info] User sets amplitude to 45.6.
00:06:29.2764965 [Info] User sets amplitude to 45.7.
00:06:29.3095943 [Info] User sets amplitude to 45.8.
00:06:29.3292144 [Info] User sets amplitude to 45.9.
00:06:29.3573653 [Info] User sets amplitude to 46.1.
00:06:29.3914355 [Info] User sets amplitude to 46.2.
00:06:29.4281316 [Info] User sets amplitude to 46.3.
00:06:29.5113544 [Info] User sets amplitude to 46.4.
00:06:56.5365241 [Info] User sets amplitude to 47.3.
00:06:56.5510715 [Info] User sets amplitude to 32.6.
00:06:56.5795384 [Info] User sets amplitude to 28.1.
00:06:56.5950947 [Info] User sets amplitude to 25.3.
00:06:56.6106389 [Info] User sets amplitude to 23.2.
00:06:56.6285325 [Info] User sets amplitude to 19.6.
00:06:56.6462343 [Info] User sets amplitude to 16.3.
00:06:56.6601622 [Info] User sets amplitude to 14.1.
00:06:56.6769483 [Info] User sets amplitude to 12.
00:06:56.6970030 [Info] User sets amplitude to 10.6.
00:06:56.7115483 [Info] User sets amplitude to 8.3.
00:06:56.7300367 [Info] User sets amplitude to 6.6.
00:06:56.7453881 [Info] User sets amplitude to 5.1.
00:06:56.7625088 [Info] User sets amplitude to 3.9.
00:06:56.7811887 [Info] User sets amplitude to 3.1.
00:06:56.7942469 [Info] User sets amplitude to 2.3.
00:06:56.8125599 [Info] User sets amplitude to 1.1.
00:06:56.8304064 [Info] User sets amplitude to 0.6.
00:06:56.8471720 [Info] User sets amplitude to 0.1.
00:06:56.8621682 [Info] User sets amplitude to 0.
00:06:59.3098276 [Info] User sets amplitude to 0.2.
00:06:59.3290918 [Info] User sets amplitude to 1.6.
00:06:59.3459661 [Info] User sets amplitude to 3.8.
00:06:59.3613071 [Info] User sets amplitude to 5.
00:06:59.3788832 [Info] User sets amplitude to 6.3.
00:06:59.3962049 [Info] User sets amplitude to 7.4.
00:06:59.4112843 [Info] User sets amplitude to 8.5.
00:06:59.4257650 [Info] User sets amplitude to 9.2.
00:06:59.4445132 [Info] User sets amplitude to 10.1.
00:06:59.4632430 [Info] User sets amplitude to 10.8.
00:06:59.4807799 [Info] User sets amplitude to 12.4.
00:06:59.4941508 [Info] User sets amplitude to 12.8.
00:06:59.5137937 [Info] User sets amplitude to 13.6.
00:06:59.5297688 [Info] User sets amplitude to 14.9.
00:06:59.5469992 [Info] User sets amplitude to 15.4.
00:06:59.5636277 [Info] User sets amplitude to 16.6.
00:06:59.5784837 [Info] User sets amplitude to 17.7.
00:06:59.5964303 [Info] User sets amplitude to 18.7.
00:06:59.6128317 [Info] User sets amplitude to 19.6.
00:06:59.6301440 [Info] User sets amplitude to 19.9.
00:06:59.6460910 [Info] User sets amplitude to 20.9.
00:06:59.6618912 [Info] User sets amplitude to 21.
00:06:59.6796499 [Info] User sets amplitude to 21.5.
00:06:59.6942047 [Info] User sets amplitude to 21.7.
00:06:59.7123126 [Info] User sets amplitude to 22.2.
00:06:59.7273025 [Info] User sets amplitude to 22.8.
00:06:59.7434281 [Info] User sets amplitude to 23.4.
00:06:59.7631851 [Info] User sets amplitude to 24.2.
00:06:59.7782724 [Info] User sets amplitude to 25.
00:06:59.7944322 [Info] User sets amplitude to 25.9.
00:06:59.8135287 [Info] User sets amplitude to 26.7.
00:06:59.8300517 [Info] User sets amplitude to 27.3.
00:06:59.8474100 [Info] User sets amplitude to 28.3.
00:06:59.8625674 [Info] User sets amplitude to 28.4.
00:06:59.8807427 [Info] User sets amplitude to 28.9.
00:06:59.8948450 [Info] User sets amplitude to 29.
00:06:59.9123348 [Info] User sets amplitude to 29.2.
00:06:59.9463174 [Info] User sets amplitude to 29.3.
00:06:59.9628736 [Info] User sets amplitude to 29.4.
00:06:59.9935296 [Info] User sets amplitude to 29.5.
00:07:00.0432096 [Info] User sets amplitude to 29.8.
00:07:00.1097887 [Info] User sets amplitude to 29.9.
00:07:00.1608270 [Info] User sets amplitude to 30.
00:07:00.3256740 [Info] User sets amplitude to 30.1.
00:07:02.3784071 [Info] User sets amplitude to 30.3.
00:07:02.4777628 [Info] User sets amplitude to 33.3.
00:07:02.4843989 [Info] User sets amplitude to 33.7.
00:07:02.4957239 [Info] User sets amplitude to 34.1.
00:07:02.5165750 [Info] User sets amplitude to 35.2.
00:07:02.5288254 [Info] User sets amplitude to 36.
00:07:02.5545701 [Info] User sets amplitude to 36.6.
00:07:02.5629481 [Info] User sets amplitude to 36.8.
00:07:02.5786407 [Info] User sets amplitude to 37.2.
00:07:02.5949889 [Info] User sets amplitude to 37.3.
00:07:02.6119336 [Info] User sets amplitude to 37.7.
00:07:02.6430104 [Info] User sets amplitude to 37.8.
00:07:02.6623897 [Info] User sets amplitude to 37.9.
00:07:02.6968736 [Info] User sets amplitude to 38.
00:07:02.7215786 [Info] User sets amplitude to 38.2.
00:07:02.7276667 [Info] User sets amplitude to 38.4.
00:07:02.7461499 [Info] User sets amplitude to 38.6.
00:07:02.7609071 [Info] User sets amplitude to 39.
00:07:02.7776380 [Info] User sets amplitude to 39.1.
00:07:02.7971022 [Info] User sets amplitude to 39.6.
00:07:02.8130300 [Info] User sets amplitude to 39.7.
00:07:02.8301411 [Info] User sets amplitude to 39.9.
00:07:02.8505319 [Info] User sets amplitude to 40.2.
00:07:02.8617241 [Info] User sets amplitude to 40.3.
00:07:02.8781263 [Info] User sets amplitude to 40.5.
00:07:02.8962339 [Info] User sets amplitude to 40.6.
00:07:02.9286864 [Info] User sets amplitude to 40.8.
00:07:02.9433644 [Info] User sets amplitude to 41.
00:07:02.9615426 [Info] User sets amplitude to 41.2.
00:07:02.9772164 [Info] User sets amplitude to 41.3.
00:07:02.9954297 [Info] User sets amplitude to 41.4.
00:07:03.0136950 [Info] User sets amplitude to 41.7.
00:07:03.0287466 [Info] User sets amplitude to 41.9.
00:07:03.0467218 [Info] User sets amplitude to 42.4.
00:07:03.0632308 [Info] User sets amplitude to 43.3.
00:07:03.0810913 [Info] User sets amplitude to 43.9.
00:07:03.1035276 [Info] User sets amplitude to 44.4.
00:07:03.1108568 [Info] User sets amplitude to 44.5.
00:07:03.1305023 [Info] User sets amplitude to 44.8.
00:07:03.1466957 [Info] User sets amplitude to 45.1.
00:07:03.1629338 [Info] User sets amplitude to 45.2.
00:07:03.5094139 [Info] User sets amplitude to 45.3.
00:07:03.5406227 [Info] User sets amplitude to 45.4.
00:07:09.6688738 [Info] User sets offset to 86.
00:07:09.6812025 [Info] User sets offset to 76.
00:07:09.7632288 [Info] User sets offset to 70.
00:07:09.7806567 [Info] User sets offset to 69.
00:07:09.7987227 [Info] User sets offset to 68.
00:07:09.8159846 [Info] User sets offset to 67.
00:07:09.8310946 [Info] User sets offset to 66.
00:07:09.8464974 [Info] User sets offset to 65.
00:07:09.8624303 [Info] User sets offset to 64.
00:07:09.8790010 [Info] User sets offset to 63.
00:07:09.9266317 [Info] User sets offset to 62.
00:07:09.9473508 [Info] User sets offset to 61.
00:07:09.9792324 [Info] User sets offset to 60.
00:07:09.9976429 [Info] User sets offset to 59.
00:07:10.0286178 [Info] User sets offset to 58.
00:07:10.0452014 [Info] User sets offset to 57.
00:07:10.0923419 [Info] User sets offset to 56.
00:07:10.1463333 [Info] User sets offset to 55.
00:07:11.1380819 [Info] User sets amplitude to 43.7.
00:07:11.2287654 [Info] User sets amplitude to 39.2.
00:07:11.2459879 [Info] User sets amplitude to 35.6.
00:07:11.2619335 [Info] User sets amplitude to 32.
00:07:11.2815966 [Info] User sets amplitude to 28.4.
00:07:11.2955136 [Info] User sets amplitude to 25.4.
00:07:11.3139299 [Info] User sets amplitude to 22.5.
00:07:11.3307013 [Info] User sets amplitude to 19.3.
00:07:11.3476623 [Info] User sets amplitude to 17.9.
00:07:11.3619572 [Info] User sets amplitude to 17.1.
00:07:11.3801641 [Info] User sets amplitude to 15.9.
00:07:11.3957381 [Info] User sets amplitude to 14.5.
00:07:11.4119836 [Info] User sets amplitude to 13.8.
00:07:11.4294782 [Info] User sets amplitude to 12.8.
00:07:11.4472271 [Info] User sets amplitude to 12.4.
00:07:11.4625283 [Info] User sets amplitude to 11.7.
00:07:11.4788380 [Info] User sets amplitude to 11.3.
00:07:11.4938813 [Info] User sets amplitude to 11.
00:07:11.5100238 [Info] User sets amplitude to 10.9.
00:07:11.5280393 [Info] User sets amplitude to 10.7.
00:07:11.5445387 [Info] User sets amplitude to 10.6.
00:07:11.5615540 [Info] User sets amplitude to 10.3.
00:07:11.5922596 [Info] User sets amplitude to 10.2.
00:07:11.6123100 [Info] User sets amplitude to 10.1.
00:07:11.6489009 [Info] User sets amplitude to 10.
00:07:11.6636539 [Info] User sets amplitude to 9.7.
00:07:11.6797754 [Info] User sets amplitude to 9.6.
00:07:11.6951210 [Info] User sets amplitude to 9.5.
00:07:11.7129599 [Info] User sets amplitude to 9.3.
00:07:11.7438345 [Info] User sets amplitude to 9.1.
00:07:11.7648474 [Info] User sets amplitude to 9.
00:07:11.7774593 [Info] User sets amplitude to 8.7.
00:07:11.7949899 [Info] User sets amplitude to 8.5.
00:07:11.8243784 [Info] User sets amplitude to 8.4.
00:07:11.8467295 [Info] User sets amplitude to 8.3.
00:07:11.8783195 [Info] User sets amplitude to 8.1.
00:07:11.9119760 [Info] User sets amplitude to 8.
00:07:11.9303319 [Info] User sets amplitude to 7.9.
00:07:12.0794638 [Info] User sets amplitude to 7.8.
00:07:12.0975345 [Info] User sets amplitude to 7.6.
00:07:12.1285191 [Info] User sets amplitude to 7.5.
00:07:12.1467352 [Info] User sets amplitude to 7.4.
00:07:12.1924363 [Info] User sets amplitude to 7.2.
00:07:12.2119467 [Info] User sets amplitude to 7.
00:07:12.2299392 [Info] User sets amplitude to 6.9.
00:07:12.2461381 [Info] User sets amplitude to 6.8.
00:07:12.2633483 [Info] User sets amplitude to 6.6.
00:07:12.2808099 [Info] User sets amplitude to 6.4.
00:07:12.3006697 [Info] User sets amplitude to 6.3.
00:07:12.3149055 [Info] User sets amplitude to 6.2.
00:07:12.3260366 [Info] User sets amplitude to 6.1.
00:07:12.3487106 [Info] User sets amplitude to 5.8.
00:07:12.3612640 [Info] User sets amplitude to 5.7.
00:07:12.3791456 [Info] User sets amplitude to 5.6.
00:07:12.3941384 [Info] User sets amplitude to 5.3.
00:07:12.4109678 [Info] User sets amplitude to 5.2.
00:07:12.4303658 [Info] User sets amplitude to 5.
00:07:12.4468896 [Info] User sets amplitude to 4.7.
00:07:12.4634104 [Info] User sets amplitude to 4.5.
00:07:12.4788871 [Info] User sets amplitude to 4.1.
00:07:12.4954740 [Info] User sets amplitude to 3.9.
00:07:12.5151838 [Info] User sets amplitude to 3.8.
00:07:12.5279204 [Info] User sets amplitude to 3.4.
00:07:12.5460652 [Info] User sets amplitude to 3.1.
00:07:12.5715156 [Info] User sets amplitude to 2.8.
00:07:12.5786224 [Info] User sets amplitude to 2.4.
00:07:12.5945108 [Info] User sets amplitude to 1.8.
00:07:12.6138242 [Info] User sets amplitude to 1.2.
00:07:12.6321003 [Info] User sets amplitude to 0.4.
00:07:12.6469062 [Info] User sets amplitude to 0.
00:07:52.6684846 [Info] User sets phase shift to 0.5410521.
00:07:52.6690386 [Info] User sets phase shift to 1.6231562.
00:07:52.6874345 [Info] User sets phase shift to 1.6580629.
00:07:52.7044097 [Info] User sets phase shift to 1.6755162.
00:07:52.7219142 [Info] User sets phase shift to 1.6929693.
00:07:52.7370007 [Info] User sets phase shift to 1.7278761.
00:07:52.7668357 [Info] User sets phase shift to 1.7453294.
00:07:53.5944246 [Info] User sets phase shift to 1.7104228.
00:07:53.6303828 [Info] User sets phase shift to 1.6929693.
00:07:53.6310270 [Info] User sets phase shift to 1.605703.
00:07:53.6439264 [Info] User sets phase shift to 1.5358897.
00:07:53.6513616 [Info] User sets phase shift to 1.4835298.
00:08:41.7058057 [Info] User sets offset to 77.
00:08:41.7168489 [Info] User sets offset to 122.
00:08:41.7516946 [Info] User sets offset to 132.
00:08:41.7582431 [Info] User sets offset to 136.
00:08:41.7663512 [Info] User sets offset to 137.
00:08:41.7838973 [Info] User sets offset to 140.
00:08:41.7992308 [Info] User sets offset to 142.
00:08:41.8167128 [Info] User sets offset to 144.
00:08:41.9696276 [Info] User sets offset to 54.
00:08:42.0276051 [Info] User sets offset to 60.
00:08:42.0486819 [Info] User sets offset to 68.
00:08:42.0642391 [Info] User sets offset to 75.
00:08:42.0888229 [Info] User sets offset to 88.
00:08:42.0971508 [Info] User sets offset to 92.
00:08:42.1149731 [Info] User sets offset to 103.
00:08:42.1341284 [Info] User sets offset to 110.
00:08:42.1491325 [Info] User sets offset to 116.
00:08:42.1655490 [Info] User sets offset to 123.
00:08:42.1828037 [Info] User sets offset to 128.
00:08:42.1981475 [Info] User sets offset to 136.
00:08:42.2146390 [Info] User sets offset to 142.
00:08:42.2355223 [Info] User sets offset to 147.
00:08:42.2523975 [Info] User sets offset to 151.
00:08:42.2603165 [Info] User sets offset to 154.
00:08:42.2792463 [Info] User sets offset to 158.
00:08:42.2969415 [Info] User sets offset to 160.
00:08:42.3150547 [Info] User sets offset to 163.
00:08:42.3321697 [Info] User sets offset to 168.
00:08:42.3488917 [Info] User sets offset to 175.
00:08:42.3666364 [Info] User sets offset to 180.
00:08:44.9182833 [Info] User sets offset to 174.
00:08:45.5004799 [Info] User sets offset to 169.
00:08:45.5823492 [Info] User sets offset to 160.
00:08:45.5981595 [Info] User sets offset to 157.
00:08:45.6152653 [Info] User sets offset to 154.
00:08:45.6297811 [Info] User sets offset to 151.
00:08:45.6463880 [Info] User sets offset to 149.
00:08:45.6630337 [Info] User sets offset to 146.
00:08:45.6791706 [Info] User sets offset to 144.
00:08:45.7058135 [Info] User sets offset to 143.
00:08:45.7108628 [Info] User sets offset to 141.
00:08:45.7286067 [Info] User sets offset to 140.
00:08:45.7487499 [Info] User sets offset to 139.
00:08:45.7632126 [Info] User sets offset to 138.
00:08:45.7965410 [Info] User sets offset to 137.
00:08:45.8298124 [Info] User sets offset to 136.
00:08:56.0032221 [Info] User sets offset to 140.
00:08:56.0074786 [Info] User sets offset to 129.
00:08:56.7974359 [Info] User sets offset to 123.
00:08:56.8972014 [Info] User sets offset to 122.
00:08:57.1416422 [Info] User sets offset to 133.
00:09:13.5855847 [Info] User 2 sets frequency to 1.4.
00:09:13.6379830 [Info] User 2 sets frequency to 1.3.
00:09:13.6564948 [Info] User 2 sets frequency to 1.2.
00:09:13.6712026 [Info] User 2 sets frequency to 1.1.
00:09:13.6901440 [Info] User 2 sets frequency to 1.
00:09:13.7047640 [Info] User 2 sets frequency to 0.9.
00:09:13.7208628 [Info] User 2 sets frequency to 0.7.
00:09:13.7391107 [Info] User 2 sets frequency to 0.6.
00:09:13.7544398 [Info] User 2 sets frequency to 0.5.
00:09:13.7804077 [Info] User 2 sets frequency to 0.4.
00:09:13.7869958 [Info] User 2 sets frequency to 0.3.
00:09:13.8042299 [Info] User 2 sets frequency to 0.2.
00:09:13.8247577 [Info] User 2 sets frequency to 0.1.
00:09:13.8406533 [Info] User 2 sets frequency to 0.
00:09:19.1925210 [Info] User 2 sets frequency to 0.1.
00:09:19.2707673 [Info] User 2 sets frequency to 0.2.
00:09:19.3865806 [Info] User 2 sets frequency to 0.3.
00:09:21.6535868 [Info] User 2 sets frequency to 0.4.
00:09:21.7214789 [Info] User 2 sets frequency to 0.5.
00:09:21.8534059 [Info] User 2 sets frequency to 0.6.
00:09:22.2707988 [Info] User 2 sets frequency to 0.7.
00:09:23.4553611 [Info] User sets offset to 123.
00:09:23.4901450 [Info] User sets offset to 116.
00:09:23.4961286 [Info] User sets offset to 114.
00:09:23.5151167 [Info] User sets offset to 111.
00:09:23.5301504 [Info] User sets offset to 108.
00:09:23.5490482 [Info] User sets offset to 105.
00:09:23.5640753 [Info] User sets offset to 104.
00:09:23.5780697 [Info] User sets offset to 103.
00:09:23.5957535 [Info] User sets offset to 102.
00:09:23.7155736 [Info] User sets offset to 101.
00:09:23.9281304 [Info] User sets offset to 100.
00:09:23.9783468 [Info] User sets offset to 99.
00:09:24.0337441 [Info] User sets offset to 98.
00:09:24.0656144 [Info] User sets offset to 97.
00:09:24.1143907 [Info] User sets offset to 96.
00:09:24.1464082 [Info] User sets offset to 95.
00:09:24.1957413 [Info] User sets offset to 94.
00:09:24.2462011 [Info] User sets offset to 93.
00:09:24.2946902 [Info] User sets offset to 92.
00:09:44.6168221 [Info] User sets phase shift to 1.5358897.
00:09:44.6183908 [Info] User sets phase shift to 1.4137167.
00:09:44.6372442 [Info] User sets phase shift to 1.2217306.
00:09:47.1118713 [Info] User sets phase shift to 6.1086526.
00:09:47.8875127 [Info] User sets phase shift to 6.2482786.
00:10:02.4206375 [Info] User sets amplitude to 5.5.
00:10:02.4228890 [Info] User sets amplitude to 14.2.
00:10:02.4824314 [Info] User sets amplitude to 17.6.
00:10:02.4901993 [Info] User sets amplitude to 18.1.
00:10:02.5007658 [Info] User sets amplitude to 18.5.
00:10:02.5141662 [Info] User sets amplitude to 18.9.
00:10:02.5303362 [Info] User sets amplitude to 19.8.
00:10:02.5467868 [Info] User sets amplitude to 20.3.
00:10:02.5637309 [Info] User sets amplitude to 20.7.
00:10:02.5803783 [Info] User sets amplitude to 20.9.
00:10:02.5967606 [Info] User sets amplitude to 21.1.
00:10:02.6154640 [Info] User sets amplitude to 21.4.
00:10:02.6314804 [Info] User sets amplitude to 21.5.
00:10:02.6497277 [Info] User sets amplitude to 21.7.
00:10:02.6983802 [Info] User sets amplitude to 21.9.
00:10:02.7177015 [Info] User sets amplitude to 22.
00:10:02.7471951 [Info] User sets amplitude to 22.1.
00:10:02.7676441 [Info] User sets amplitude to 22.4.
00:10:02.7818499 [Info] User sets amplitude to 22.5.
00:10:02.8005455 [Info] User sets amplitude to 22.7.
00:10:02.8151494 [Info] User sets amplitude to 22.8.
00:10:02.8333733 [Info] User sets amplitude to 23.
00:10:02.8485664 [Info] User sets amplitude to 23.4.
00:10:02.8649732 [Info] User sets amplitude to 23.8.
00:10:02.8802188 [Info] User sets amplitude to 24.2.
00:10:02.8982699 [Info] User sets amplitude to 24.4.
00:10:02.9154640 [Info] User sets amplitude to 24.8.
00:10:02.9328908 [Info] User sets amplitude to 24.9.
00:10:02.9496143 [Info] User sets amplitude to 25.1.
00:10:02.9660562 [Info] User sets amplitude to 25.3.
00:10:02.9835188 [Info] User sets amplitude to 25.4.
00:10:02.9989505 [Info] User sets amplitude to 25.5.
00:10:03.0647366 [Info] User sets amplitude to 25.6.
00:10:03.1158272 [Info] User sets amplitude to 25.8.
00:10:03.1789893 [Info] User sets amplitude to 25.9.
00:10:03.2119112 [Info] User sets amplitude to 26.
00:10:03.2316889 [Info] User sets amplitude to 26.1.
00:10:03.2483870 [Info] User sets amplitude to 26.2.
00:10:03.2686965 [Info] User sets amplitude to 26.5.
00:10:03.2813441 [Info] User sets amplitude to 26.6.
00:10:03.2993618 [Info] User sets amplitude to 26.9.
00:10:03.3173924 [Info] User sets amplitude to 27.3.
00:10:03.3334777 [Info] User sets amplitude to 27.5.
00:10:03.3505012 [Info] User sets amplitude to 27.9.
00:10:03.3649316 [Info] User sets amplitude to 28.2.
00:10:03.3836249 [Info] User sets amplitude to 28.4.
00:10:03.3997695 [Info] User sets amplitude to 28.7.
00:10:03.4158000 [Info] User sets amplitude to 28.9.
00:10:03.4327289 [Info] User sets amplitude to 29.
00:10:03.4501856 [Info] User sets amplitude to 29.3.
00:10:03.4660973 [Info] User sets amplitude to 29.5.
00:10:03.4829631 [Info] User sets amplitude to 29.8.
00:10:03.4966681 [Info] User sets amplitude to 30.1.
00:10:03.5128266 [Info] User sets amplitude to 30.5.
00:10:03.5333849 [Info] User sets amplitude to 31.
00:10:03.5519308 [Info] User sets amplitude to 31.7.
00:10:03.5659884 [Info] User sets amplitude to 32.3.
00:10:03.5853837 [Info] User sets amplitude to 33.3.
00:10:03.5982107 [Info] User sets amplitude to 33.5.
00:10:03.6163862 [Info] User sets amplitude to 34.
00:10:03.6333506 [Info] User sets amplitude to 34.4.
00:10:03.6498550 [Info] User sets amplitude to 34.9.
00:10:03.6670529 [Info] User sets amplitude to 35.4.
00:10:03.6869729 [Info] User sets amplitude to 36.
00:10:03.6982117 [Info] User sets amplitude to 36.3.
00:10:03.7178181 [Info] User sets amplitude to 36.5.
00:10:03.7330865 [Info] User sets amplitude to 36.8.
00:10:03.7490723 [Info] User sets amplitude to 36.9.
00:10:03.7657255 [Info] User sets amplitude to 37.2.
00:10:03.7831929 [Info] User sets amplitude to 37.3.
00:10:03.7973158 [Info] User sets amplitude to 37.4.
00:10:03.8130301 [Info] User sets amplitude to 37.5.
00:10:03.8471866 [Info] User sets amplitude to 37.7.
00:10:03.9799140 [Info] User sets amplitude to 37.8.
00:10:04.1288476 [Info] User sets amplitude to 37.9.
00:10:04.7627190 [Info] User sets amplitude to 38.
00:10:04.7809139 [Info] User sets amplitude to 38.2.
00:10:04.7989334 [Info] User sets amplitude to 38.3.
00:10:04.8163377 [Info] User sets amplitude to 38.4.
00:10:04.8348293 [Info] User sets amplitude to 38.8.
00:10:04.8668888 [Info] User sets amplitude to 39.
00:10:04.8886309 [Info] User sets amplitude to 39.7.
00:10:04.8986391 [Info] User sets amplitude to 40.
00:10:04.9169343 [Info] User sets amplitude to 40.7.
00:10:04.9333363 [Info] User sets amplitude to 41.3.
00:10:04.9497522 [Info] User sets amplitude to 41.8.
00:10:04.9639216 [Info] User sets amplitude to 42.2.
00:10:04.9839791 [Info] User sets amplitude to 43.
00:10:04.9984076 [Info] User sets amplitude to 44.5.
00:10:05.0147990 [Info] User sets amplitude to 45.4.
00:10:05.0313385 [Info] User sets amplitude to 46.3.
00:10:05.0483119 [Info] User sets amplitude to 47.3.
00:10:05.0681498 [Info] User sets amplitude to 48.
00:10:05.0805024 [Info] User sets amplitude to 49.
00:10:05.0970139 [Info] User sets amplitude to 49.7.
00:10:05.1159434 [Info] User sets amplitude to 50.2.
00:10:05.1335684 [Info] User sets amplitude to 50.6.
00:10:05.1493235 [Info] User sets amplitude to 50.9.
00:10:05.1679632 [Info] User sets amplitude to 51.2.
00:10:05.1828097 [Info] User sets amplitude to 51.4.
00:10:05.1982642 [Info] User sets amplitude to 51.5.
00:10:05.2160582 [Info] User sets amplitude to 51.8.
00:10:05.2486025 [Info] User sets amplitude to 51.9.
00:10:05.3176335 [Info] User sets amplitude to 52.
00:10:05.4620296 [Info] User sets amplitude to 52.1.
00:10:05.5973035 [Info] User sets amplitude to 52.3.
00:10:05.7803339 [Info] User sets amplitude to 52.4.
00:10:06.0304990 [Info] User sets amplitude to 52.5.
00:10:06.2309518 [Info] User sets amplitude to 52.3.
00:10:06.2480443 [Info] User sets amplitude to 50.3.
00:10:06.2610159 [Info] User sets amplitude to 44.8.
00:10:06.2798721 [Info] User sets amplitude to 41.4.
00:10:06.2972625 [Info] User sets amplitude to 38.
00:10:06.3239774 [Info] User sets amplitude to 33.5.
00:10:06.3370138 [Info] User sets amplitude to 31.
00:10:06.3486698 [Info] User sets amplitude to 29.8.
00:10:06.3666871 [Info] User sets amplitude to 26.1.
00:10:06.3822144 [Info] User sets amplitude to 24.9.
00:10:06.3992405 [Info] User sets amplitude to 22.8.
00:10:06.4150877 [Info] User sets amplitude to 21.1.
00:10:06.4354085 [Info] User sets amplitude to 19.7.
00:10:06.4507864 [Info] User sets amplitude to 17.5.
00:10:06.4664150 [Info] User sets amplitude to 16.3.
00:10:06.4834775 [Info] User sets amplitude to 15.7.
00:10:06.5006351 [Info] User sets amplitude to 14.2.
00:10:06.5175450 [Info] User sets amplitude to 13.6.
00:10:06.5312715 [Info] User sets amplitude to 12.5.
00:10:06.5486975 [Info] User sets amplitude to 12.
00:10:06.5638573 [Info] User sets amplitude to 11.3.
00:10:06.5811395 [Info] User sets amplitude to 10.8.
00:10:06.5977609 [Info] User sets amplitude to 10.3.
00:10:06.6154594 [Info] User sets amplitude to 9.8.
00:10:06.6302881 [Info] User sets amplitude to 9.3.
00:10:06.6500131 [Info] User sets amplitude to 8.9.
00:10:06.6656688 [Info] User sets amplitude to 8.5.
00:10:06.6828503 [Info] User sets amplitude to 8.
00:10:06.6992964 [Info] User sets amplitude to 7.6.
00:10:06.7163703 [Info] User sets amplitude to 7.2.
00:10:06.7328323 [Info] User sets amplitude to 6.6.
00:10:06.7490322 [Info] User sets amplitude to 5.6.
00:10:06.7701038 [Info] User sets amplitude to 4.7.
00:10:06.7843096 [Info] User sets amplitude to 4.1.
00:10:06.7993698 [Info] User sets amplitude to 3.5.
00:10:06.8171389 [Info] User sets amplitude to 2.9.
00:10:06.8334102 [Info] User sets amplitude to 2.3.
00:10:06.8491503 [Info] User sets amplitude to 1.7.
00:10:06.8667948 [Info] User sets amplitude to 1.3.
00:10:06.8806975 [Info] User sets amplitude to 0.7.
00:10:06.8970909 [Info] User sets amplitude to 0.1.
00:10:06.9153183 [Info] User sets amplitude to 0.
00:10:13.5005102 [Info] User sets offset to 90.
00:10:15.0017378 [Info] User sets offset to 87.
00:10:15.0330411 [Info] User sets offset to 78.
00:10:15.0389130 [Info] User sets offset to 73.
00:10:15.0507007 [Info] User sets offset to 67.
00:10:15.0659265 [Info] User sets offset to 56.
00:10:15.0812262 [Info] User sets offset to 52.
00:10:15.1021752 [Info] User sets offset to 41.
00:10:15.1152883 [Info] User sets offset to 34.
00:10:15.1324210 [Info] User sets offset to 30.
00:10:15.1498775 [Info] User sets offset to 21.
00:10:15.1667639 [Info] User sets offset to 15.
00:10:15.1824887 [Info] User sets offset to 10.
00:10:15.1968997 [Info] User sets offset to 5.
00:10:15.2131503 [Info] User sets offset to 0.
00:10:17.2202787 [Info] User sets offset to 10.
00:10:17.2782809 [Info] User sets offset to 22.
00:10:17.2975741 [Info] User sets offset to 35.
00:10:17.3194540 [Info] User sets offset to 44.
00:10:17.3334652 [Info] User sets offset to 60.
00:10:17.3496238 [Info] User sets offset to 73.
00:10:17.3658712 [Info] User sets offset to 84.
00:10:17.3854384 [Info] User sets offset to 100.
00:10:17.4007985 [Info] User sets offset to 110.
00:10:17.4163884 [Info] User sets offset to 116.
00:10:17.4324938 [Info] User sets offset to 125.
00:10:17.4515764 [Info] User sets offset to 133.
00:10:17.4670054 [Info] User sets offset to 138.
00:10:17.4833030 [Info] User sets offset to 142.
00:10:17.4999950 [Info] User sets offset to 146.
00:10:17.5153793 [Info] User sets offset to 148.
00:10:17.5318273 [Info] User sets offset to 150.
00:10:17.5488816 [Info] User sets offset to 151.
00:10:17.5653526 [Info] User sets offset to 152.
00:10:17.5902746 [Info] User sets offset to 153.
00:10:17.5938279 [Info] User sets offset to 154.
00:10:17.6175662 [Info] User sets offset to 155.
00:10:17.6464787 [Info] User sets offset to 156.
00:10:17.6665532 [Info] User sets offset to 157.
00:10:17.6997552 [Info] User sets offset to 158.
00:10:17.7472816 [Info] User sets offset to 159.
00:10:17.7828322 [Info] User sets offset to 158.
00:10:17.8007165 [Info] User sets offset to 156.
00:10:17.8174898 [Info] User sets offset to 149.
00:10:17.8324894 [Info] User sets offset to 145.
00:10:17.8499211 [Info] User sets offset to 141.
00:10:17.8688390 [Info] User sets offset to 138.
00:10:17.8837578 [Info] User sets offset to 134.
00:10:17.8977809 [Info] User sets offset to 130.
00:10:17.9163067 [Info] User sets offset to 126.
00:10:17.9314966 [Info] User sets offset to 122.
00:10:17.9518574 [Info] User sets offset to 119.
00:10:17.9652577 [Info] User sets offset to 116.
00:10:17.9827891 [Info] User sets offset to 113.
00:10:17.9996884 [Info] User sets offset to 111.
00:10:18.0165222 [Info] User sets offset to 109.
00:10:18.0350575 [Info] User sets offset to 107.
00:10:18.0504619 [Info] User sets offset to 105.
00:10:18.0665108 [Info] User sets offset to 104.
00:10:18.0837179 [Info] User sets offset to 102.
00:10:18.0996173 [Info] User sets offset to 101.
00:10:18.1338227 [Info] User sets offset to 100.
00:10:18.1803410 [Info] User sets offset to 99.
00:10:18.2463928 [Info] User sets offset to 98.
00:10:18.3464074 [Info] User sets offset to 97.
00:10:18.3822981 [Info] User sets offset to 96.
00:10:18.4037875 [Info] User sets offset to 95.
00:10:18.4173897 [Info] User sets offset to 94.
00:10:18.4466817 [Info] User sets offset to 90.
00:10:18.4652147 [Info] User sets offset to 89.
00:10:18.4824528 [Info] User sets offset to 88.
00:10:18.4974154 [Info] User sets offset to 87.
00:10:18.8248738 [Info] User sets amplitude to 0.5.
00:10:18.8822090 [Info] User sets amplitude to 4.5.
00:10:18.8993189 [Info] User sets amplitude to 8.9.
00:10:18.9140161 [Info] User sets amplitude to 11.2.
00:10:18.9355559 [Info] User sets amplitude to 15.7.
00:10:18.9497453 [Info] User sets amplitude to 22.2.
00:10:18.9668357 [Info] User sets amplitude to 25.5.
00:10:18.9839220 [Info] User sets amplitude to 31.1.
00:10:18.9997109 [Info] User sets amplitude to 36.6.
00:10:19.0175867 [Info] User sets amplitude to 42.5.
00:10:19.0338348 [Info] User sets amplitude to 46.8.
00:10:19.0506699 [Info] User sets amplitude to 52.6.
00:10:19.0658890 [Info] User sets amplitude to 54.7.
00:10:19.0826140 [Info] User sets amplitude to 58.1.
00:10:19.0983321 [Info] User sets amplitude to 62.1.
00:10:19.1169382 [Info] User sets amplitude to 64.7.
00:10:19.1327055 [Info] User sets amplitude to 65.6.
00:10:19.1499087 [Info] User sets amplitude to 68.4.
00:10:19.1675420 [Info] User sets amplitude to 69.8.
00:10:19.1821963 [Info] User sets amplitude to 71.3.
00:10:19.1993440 [Info] User sets amplitude to 72.2.
00:10:19.2156954 [Info] User sets amplitude to 74.6.
00:10:19.2318113 [Info] User sets amplitude to 76.2.
00:10:19.2478216 [Info] User sets amplitude to 77.4.
00:10:19.2632650 [Info] User sets amplitude to 78.8.
00:10:19.2832785 [Info] User sets amplitude to 79.8.
00:10:19.3013814 [Info] User sets amplitude to 81.3.
00:10:19.3168954 [Info] User sets amplitude to 82.4.
00:10:19.3314900 [Info] User sets amplitude to 83.7.
00:10:19.3463791 [Info] User sets amplitude to 85.1.
00:10:19.3680067 [Info] User sets amplitude to 87.5.
00:10:19.3827344 [Info] User sets amplitude to 88.6.
00:10:19.4028391 [Info] User sets amplitude to 90.
00:10:20.6322606 [Info] User sets offset to 91.
00:10:20.7164687 [Info] User sets offset to 98.
00:10:20.7208548 [Info] User sets offset to 100.
00:10:20.7349088 [Info] User sets offset to 104.
00:10:20.7482411 [Info] User sets offset to 107.
00:10:20.7682927 [Info] User sets offset to 110.
00:10:20.7825329 [Info] User sets offset to 112.
00:10:20.7991696 [Info] User sets offset to 115.
00:10:20.8147438 [Info] User sets offset to 119.
00:10:20.8306253 [Info] User sets offset to 122.
00:10:20.8467923 [Info] User sets offset to 126.
00:10:20.8671075 [Info] User sets offset to 130.
00:10:20.8952393 [Info] User sets offset to 131.
00:10:20.9178498 [Info] User sets offset to 132.
00:10:20.9502004 [Info] User sets offset to 133.
00:10:31.1038798 [Info] User sets amplitude to 78.8.
00:10:31.1188033 [Info] User sets amplitude to 76.
00:10:31.1386517 [Info] User sets amplitude to 73.5.
00:10:31.1491743 [Info] User sets amplitude to 71.8.
00:10:31.1707882 [Info] User sets amplitude to 69.8.
00:10:31.1889777 [Info] User sets amplitude to 68.1.
00:10:31.1965610 [Info] User sets amplitude to 66.4.
00:10:31.2141800 [Info] User sets amplitude to 65.
00:10:31.2325409 [Info] User sets amplitude to 63.8.
00:10:31.2479054 [Info] User sets amplitude to 63.
00:10:31.2661527 [Info] User sets amplitude to 62.3.
00:10:31.2801898 [Info] User sets amplitude to 61.7.
00:10:31.3021125 [Info] User sets amplitude to 61.
00:10:31.3179200 [Info] User sets amplitude to 60.5.
00:10:31.3316045 [Info] User sets amplitude to 60.3.
00:10:31.3481339 [Info] User sets amplitude to 59.9.
00:10:31.3632147 [Info] User sets amplitude to 59.8.
00:10:31.3828428 [Info] User sets amplitude to 59.2.
00:10:31.3989864 [Info] User sets amplitude to 58.9.
00:10:31.4179288 [Info] User sets amplitude to 58.7.
00:10:31.4343899 [Info] User sets amplitude to 58.3.
00:10:31.4472278 [Info] User sets amplitude to 58.2.
00:10:31.4657646 [Info] User sets amplitude to 58.
00:10:31.4831432 [Info] User sets amplitude to 57.7.
00:10:31.4964682 [Info] User sets amplitude to 57.6.
00:10:31.5151180 [Info] User sets amplitude to 57.4.
00:10:31.5471490 [Info] User sets amplitude to 57.2.
00:10:31.5650688 [Info] User sets amplitude to 57.1.
00:10:31.6985164 [Info] User sets amplitude to 57.
00:10:31.7331271 [Info] User sets amplitude to 56.9.
00:10:31.7488247 [Info] User sets amplitude to 56.8.
00:10:32.0152193 [Info] User sets amplitude to 56.6.
00:10:32.0803386 [Info] User sets amplitude to 56.5.
00:10:33.1642981 [Info] User sets amplitude to 56.6.
00:10:33.1833982 [Info] User sets amplitude to 56.8.
00:10:33.2151534 [Info] User sets amplitude to 56.9.
00:10:33.2347039 [Info] User sets amplitude to 57.1.
00:10:33.2657659 [Info] User sets amplitude to 57.2.
00:10:33.2995573 [Info] User sets amplitude to 57.4.
00:10:33.3456856 [Info] User sets amplitude to 57.6.
00:10:33.3643506 [Info] User sets amplitude to 57.8.
00:10:33.3781362 [Info] User sets amplitude to 58.
00:10:33.3995422 [Info] User sets amplitude to 58.1.
00:10:33.4161580 [Info] User sets amplitude to 58.5.
00:10:33.4343022 [Info] User sets amplitude to 58.8.
00:10:33.4513430 [Info] User sets amplitude to 60.3.
00:10:33.4685970 [Info] User sets amplitude to 61.2.
00:10:33.4834126 [Info] User sets amplitude to 62.
00:10:33.5009006 [Info] User sets amplitude to 62.7.
00:10:33.5168200 [Info] User sets amplitude to 63.
00:10:33.5347221 [Info] User sets amplitude to 63.6.
00:10:33.5495570 [Info] User sets amplitude to 64.
00:10:33.5682134 [Info] User sets amplitude to 64.2.
00:10:33.5842937 [Info] User sets amplitude to 64.7.
00:10:33.6014195 [Info] User sets amplitude to 64.8.
00:10:33.6149726 [Info] User sets amplitude to 64.9.
00:10:33.6304536 [Info] User sets amplitude to 65.
00:10:33.6494999 [Info] User sets amplitude to 65.1.
00:10:33.7632786 [Info] User sets amplitude to 65.3.
00:10:33.7841896 [Info] User sets amplitude to 65.4.
00:10:33.8159462 [Info] User sets amplitude to 65.5.
00:10:33.8342540 [Info] User sets amplitude to 65.7.
00:10:33.8516933 [Info] User sets amplitude to 66.
00:10:33.8835661 [Info] User sets amplitude to 66.2.
00:10:33.9014991 [Info] User sets amplitude to 66.5.
00:10:33.9301691 [Info] User sets amplitude to 66.7.
00:10:33.9508518 [Info] User sets amplitude to 67.
00:10:33.9659205 [Info] User sets amplitude to 67.1.
00:10:34.0996245 [Info] User sets amplitude to 67.2.
00:10:34.1147486 [Info] User sets amplitude to 67.3.
00:10:34.1322975 [Info] User sets amplitude to 67.4.
00:10:34.1516979 [Info] User sets amplitude to 67.6.
00:10:34.1675228 [Info] User sets amplitude to 68.1.
00:10:34.1840384 [Info] User sets amplitude to 68.5.
00:10:34.2070467 [Info] User sets amplitude to 69.
00:10:34.2129924 [Info] User sets amplitude to 69.3.
00:10:34.2340934 [Info] User sets amplitude to 69.8.
00:10:34.2487202 [Info] User sets amplitude to 69.9.
00:10:34.2647262 [Info] User sets amplitude to 70.1.
00:10:34.2813346 [Info] User sets amplitude to 70.2.
00:10:34.3802950 [Info] User sets amplitude to 70.4.
00:10:34.5629897 [Info] User sets amplitude to 70.5.
00:10:34.5967298 [Info] User sets amplitude to 70.6.
00:10:34.6134855 [Info] User sets amplitude to 70.7.
00:10:34.6328450 [Info] User sets amplitude to 70.9.
00:10:34.7809523 [Info] User sets amplitude to 71.
00:11:33.4401596 [Info] User 2 sets frequency to 0.2.
00:11:33.5262553 [Info] User 2 sets frequency to 0.1.
00:11:33.5557023 [Info] User sets amplitude to 73.3.
00:11:33.5571583 [Info] User 2 sets frequency to 0.
00:11:33.5696560 [Info] User sets amplitude to 77.3.
00:11:33.6474306 [Info] User sets amplitude to 80.1.
00:11:33.6682318 [Info] User sets amplitude to 80.5.
00:11:33.6829643 [Info] User sets amplitude to 80.6.
00:11:33.7002749 [Info] User sets amplitude to 80.7.
00:11:33.7105341 [Info] User sets amplitude to 80.8.
00:12:47.8432261 [Info] B is no longer in control.
